2025-07-04 09:21:22.471 DEBUG 21488 --- [main] o.s.w.c.s.StandardServletEnvironment     : Adding [servletConfigInitParams] PropertySource with lowest search precedence
2025-07-04 09:21:22.473 DEBUG 21488 --- [main] o.s.w.c.s.StandardServletEnvironment     : Adding [servletContextInitParams] PropertySource with lowest search precedence
2025-07-04 09:21:22.473 DEBUG 21488 --- [main] o.s.w.c.s.StandardServletEnvironment     : Adding [systemProperties] PropertySource with lowest search precedence
2025-07-04 09:21:22.473 DEBUG 21488 --- [main] o.s.w.c.s.StandardServletEnvironment     : Adding [systemEnvironment] PropertySource with lowest search precedence
2025-07-04 09:21:22.474 DEBUG 21488 --- [main] o.s.w.c.s.StandardServletEnvironment     : Initialized StandardServletEnvironment with PropertySources [servletConfigInitParams,servletContextInitParams,systemProperties,systemEnvironment]
2025-07-04 09:21:22.514  INFO 21488 --- [main] com.quark.admin.AdminApplication         : Starting AdminApplication on LAPTOP-A13J3GU2 with PID 21488 (started by 王思博 in C:\Users\xingqiu\Desktop\软工课设\software-bbs-master)
2025-07-04 09:21:22.515  INFO 21488 --- [main] com.quark.admin.AdminApplication         : No active profile set, falling back to default profiles: default
2025-07-04 09:21:22.725  INFO 21488 --- [main] ationConfigEmbeddedWebApplicationContext : Refreshing org.springframework.boot.context.embedded.AnnotationConfigEmbeddedWebApplicationContext@1ec9bd38: startup date [Fri Jul 04 09:21:22 CST 2025]; root of context hierarchy
2025-07-04 09:21:24.160 DEBUG 21488 --- [main] o.s.w.c.s.StandardServletEnvironment     : Adding [applicationConfig: [classpath:/application.properties]] PropertySource with search precedence immediately lower than [applicationConfigurationProperties]
2025-07-04 09:21:24.161 DEBUG 21488 --- [main] o.s.w.c.s.StandardServletEnvironment     : Removing [applicationConfigurationProperties] PropertySource
2025-07-04 09:21:24.161 DEBUG 21488 --- [main] o.s.w.c.s.StandardServletEnvironment     : Removing [defaultProperties] PropertySource
2025-07-04 09:21:24.161 DEBUG 21488 --- [main] o.s.w.c.s.StandardServletEnvironment     : Adding [defaultProperties] PropertySource with lowest search precedence
2025-07-04 09:21:24.339  INFO 21488 --- [main] trationDelegate$BeanPostProcessorChecker : Bean 'org.springframework.transaction.annotation.ProxyTransactionManagementConfiguration' of type [org.springframework.transaction.annotation.ProxyTransactionManagementConfiguration$$EnhancerBySpringCGLIB$$7046ea80] is not eligible for getting processed by all BeanPostProcessors (for example: not eligible for auto-proxying)
2025-07-04 09:21:24.384  INFO 21488 --- [main] trationDelegate$BeanPostProcessorChecker : Bean '(inner bean)#6c841199' of type [org.springframework.beans.factory.config.PropertiesFactoryBean] is not eligible for getting processed by all BeanPostProcessors (for example: not eligible for auto-proxying)
2025-07-04 09:21:24.385  INFO 21488 --- [main] trationDelegate$BeanPostProcessorChecker : Bean '(inner bean)#6c841199' of type [java.util.Properties] is not eligible for getting processed by all BeanPostProcessors (for example: not eligible for auto-proxying)
2025-07-04 09:21:24.389  INFO 21488 --- [main] trationDelegate$BeanPostProcessorChecker : Bean '(inner bean)#7544ac86' of type [org.springframework.data.repository.core.support.PropertiesBasedNamedQueries] is not eligible for getting processed by all BeanPostProcessors (for example: not eligible for auto-proxying)
2025-07-04 09:21:24.393  INFO 21488 --- [main] trationDelegate$BeanPostProcessorChecker : Bean '(inner bean)#19a64eae' of type [org.springframework.data.repository.query.ExtensionAwareEvaluationContextProvider] is not eligible for getting processed by all BeanPostProcessors (for example: not eligible for auto-proxying)
2025-07-04 09:21:24.396  INFO 21488 --- [main] trationDelegate$BeanPostProcessorChecker : Bean 'org.springframework.boot.autoconfigure.jdbc.DataSourceConfiguration$Generic' of type [org.springframework.boot.autoconfigure.jdbc.DataSourceConfiguration$Generic] is not eligible for getting processed by all BeanPostProcessors (for example: not eligible for auto-proxying)
2025-07-04 09:21:24.444  INFO 21488 --- [main] trationDelegate$BeanPostProcessorChecker : Bean 'spring.datasource-org.springframework.boot.autoconfigure.jdbc.DataSourceProperties' of type [org.springframework.boot.autoconfigure.jdbc.DataSourceProperties] is not eligible for getting processed by all BeanPostProcessors (for example: not eligible for auto-proxying)
2025-07-04 09:21:24.477  INFO 21488 --- [main] trationDelegate$BeanPostProcessorChecker : Bean 'dataSource' of type [com.alibaba.druid.pool.DruidDataSource] is not eligible for getting processed by all BeanPostProcessors (for example: not eligible for auto-proxying)
2025-07-04 09:21:24.486  INFO 21488 --- [main] trationDelegate$BeanPostProcessorChecker : Bean 'org.springframework.boot.autoconfigure.jdbc.DataSourceAutoConfiguration' of type [org.springframework.boot.autoconfigure.jdbc.DataSourceAutoConfiguration$$EnhancerBySpringCGLIB$$523a8de0] is not eligible for getting processed by all BeanPostProcessors (for example: not eligible for auto-proxying)
2025-07-04 09:21:24.499  INFO 21488 --- [main] trationDelegate$BeanPostProcessorChecker : Bean 'dataSourceInitializer' of type [org.springframework.boot.autoconfigure.jdbc.DataSourceInitializer] is not eligible for getting processed by all BeanPostProcessors (for example: not eligible for auto-proxying)
2025-07-04 09:21:24.515  INFO 21488 --- [main] trationDelegate$BeanPostProcessorChecker : Bean 'spring.jpa-org.springframework.boot.autoconfigure.orm.jpa.JpaProperties' of type [org.springframework.boot.autoconfigure.orm.jpa.JpaProperties] is not eligible for getting processed by all BeanPostProcessors (for example: not eligible for auto-proxying)
2025-07-04 09:21:24.524  INFO 21488 --- [main] trationDelegate$BeanPostProcessorChecker : Bean 'org.springframework.boot.autoconfigure.transaction.TransactionAutoConfiguration' of type [org.springframework.boot.autoconfigure.transaction.TransactionAutoConfiguration$$EnhancerBySpringCGLIB$$4bae58a] is not eligible for getting processed by all BeanPostProcessors (for example: not eligible for auto-proxying)
2025-07-04 09:21:24.536  INFO 21488 --- [main] trationDelegate$BeanPostProcessorChecker : Bean 'spring.transaction-org.springframework.boot.autoconfigure.transaction.TransactionProperties' of type [org.springframework.boot.autoconfigure.transaction.TransactionProperties] is not eligible for getting processed by all BeanPostProcessors (for example: not eligible for auto-proxying)
2025-07-04 09:21:24.543  INFO 21488 --- [main] trationDelegate$BeanPostProcessorChecker : Bean 'platformTransactionManagerCustomizers' of type [org.springframework.boot.autoconfigure.transaction.TransactionManagerCustomizers] is not eligible for getting processed by all BeanPostProcessors (for example: not eligible for auto-proxying)
2025-07-04 09:21:24.551  INFO 21488 --- [main] trationDelegate$BeanPostProcessorChecker : Bean 'org.springframework.boot.autoconfigure.orm.jpa.HibernateJpaAutoConfiguration' of type [org.springframework.boot.autoconfigure.orm.jpa.HibernateJpaAutoConfiguration$$EnhancerBySpringCGLIB$$d9cd4ea0] is not eligible for getting processed by all BeanPostProcessors (for example: not eligible for auto-proxying)
2025-07-04 09:21:24.590  INFO 21488 --- [main] trationDelegate$BeanPostProcessorChecker : Bean 'jpaVendorAdapter' of type [org.springframework.orm.jpa.vendor.HibernateJpaVendorAdapter] is not eligible for getting processed by all BeanPostProcessors (for example: not eligible for auto-proxying)
2025-07-04 09:21:24.607  INFO 21488 --- [main] trationDelegate$BeanPostProcessorChecker : Bean 'entityManagerFactoryBuilder' of type [org.springframework.boot.orm.jpa.EntityManagerFactoryBuilder] is not eligible for getting processed by all BeanPostProcessors (for example: not eligible for auto-proxying)
2025-07-04 09:21:24.690  INFO 21488 --- [main] j.LocalContainerEntityManagerFactoryBean : Building JPA container EntityManagerFactory for persistence unit 'default'
2025-07-04 09:21:24.715  INFO 21488 --- [main] o.hibernate.jpa.internal.util.LogHelper  : HHH000204: Processing PersistenceUnitInfo [
	name: default
	...]
2025-07-04 09:21:24.790  INFO 21488 --- [main] org.hibernate.Version                    : HHH000412: Hibernate Core {5.0.12.Final}
2025-07-04 09:21:24.792  INFO 21488 --- [main] org.hibernate.cfg.Environment            : HHH000206: hibernate.properties not found
2025-07-04 09:21:24.793  INFO 21488 --- [main] org.hibernate.cfg.Environment            : HHH000021: Bytecode provider name : javassist
2025-07-04 09:21:24.829  INFO 21488 --- [main] o.hibernate.annotations.common.Version   : HCANN000001: Hibernate Commons Annotations {5.0.1.Final}
2025-07-04 09:21:24.973  INFO 21488 --- [main] com.alibaba.druid.pool.DruidDataSource   : {dataSource-1} inited
2025-07-04 09:21:25.833  INFO 21488 --- [main] org.hibernate.dialect.Dialect            : HHH000400: Using dialect: org.hibernate.dialect.MySQL5Dialect
2025-07-04 09:21:26.865  INFO 21488 --- [main] org.hibernate.tool.hbm2ddl.SchemaUpdate  : HHH000228: Running hbm2ddl schema update
2025-07-04 09:21:49.206  INFO 21488 --- [main] j.LocalContainerEntityManagerFactoryBean : Initialized JPA EntityManagerFactory for persistence unit 'default'
2025-07-04 09:21:49.208  INFO 21488 --- [main] trationDelegate$BeanPostProcessorChecker : Bean 'entityManagerFactory' of type [org.springframework.orm.jpa.LocalContainerEntityManagerFactoryBean] is not eligible for getting processed by all BeanPostProcessors (for example: not eligible for auto-proxying)
2025-07-04 09:21:49.209  INFO 21488 --- [main] trationDelegate$BeanPostProcessorChecker : Bean 'entityManagerFactory' of type [com.sun.proxy.$Proxy85] is not eligible for getting processed by all BeanPostProcessors (for example: not eligible for auto-proxying)
2025-07-04 09:21:49.216  INFO 21488 --- [main] trationDelegate$BeanPostProcessorChecker : Bean '(inner bean)#45cec376' of type [com.sun.proxy.$Proxy87] is not eligible for getting processed by all BeanPostProcessors (for example: not eligible for auto-proxying)
2025-07-04 09:21:49.250  INFO 21488 --- [main] trationDelegate$BeanPostProcessorChecker : Bean 'jpaMappingContext' of type [org.springframework.data.jpa.repository.config.JpaMetamodelMappingContextFactoryBean] is not eligible for getting processed by all BeanPostProcessors (for example: not eligible for auto-proxying)
2025-07-04 09:21:49.250  INFO 21488 --- [main] trationDelegate$BeanPostProcessorChecker : Bean 'jpaMappingContext' of type [org.springframework.data.jpa.mapping.JpaMetamodelMappingContext] is not eligible for getting processed by all BeanPostProcessors (for example: not eligible for auto-proxying)
2025-07-04 09:21:49.323  INFO 21488 --- [main] trationDelegate$BeanPostProcessorChecker : Bean 'permissionDao' of type [org.springframework.data.jpa.repository.support.JpaRepositoryFactoryBean] is not eligible for getting processed by all BeanPostProcessors (for example: not eligible for auto-proxying)
2025-07-04 09:21:49.324  INFO 21488 --- [main] trationDelegate$BeanPostProcessorChecker : Bean 'permissionDao' of type [com.sun.proxy.$Proxy90] is not eligible for getting processed by all BeanPostProcessors (for example: not eligible for auto-proxying)
2025-07-04 09:21:49.329  INFO 21488 --- [main] trationDelegate$BeanPostProcessorChecker : Bean '(inner bean)#736788b' of type [org.springframework.beans.factory.config.PropertiesFactoryBean] is not eligible for getting processed by all BeanPostProcessors (for example: not eligible for auto-proxying)
2025-07-04 09:21:49.329  INFO 21488 --- [main] trationDelegate$BeanPostProcessorChecker : Bean '(inner bean)#736788b' of type [java.util.Properties] is not eligible for getting processed by all BeanPostProcessors (for example: not eligible for auto-proxying)
2025-07-04 09:21:49.330  INFO 21488 --- [main] trationDelegate$BeanPostProcessorChecker : Bean '(inner bean)#236a4d30' of type [org.springframework.data.repository.core.support.PropertiesBasedNamedQueries] is not eligible for getting processed by all BeanPostProcessors (for example: not eligible for auto-proxying)
2025-07-04 09:21:49.330  INFO 21488 --- [main] trationDelegate$BeanPostProcessorChecker : Bean '(inner bean)#27a0e6ce' of type [org.springframework.data.repository.query.ExtensionAwareEvaluationContextProvider] is not eligible for getting processed by all BeanPostProcessors (for example: not eligible for auto-proxying)
2025-07-04 09:21:49.331  INFO 21488 --- [main] trationDelegate$BeanPostProcessorChecker : Bean '(inner bean)#6ef4297d' of type [com.sun.proxy.$Proxy87] is not eligible for getting processed by all BeanPostProcessors (for example: not eligible for auto-proxying)
2025-07-04 09:21:49.335  INFO 21488 --- [main] trationDelegate$BeanPostProcessorChecker : Bean 'roleDao' of type [org.springframework.data.jpa.repository.support.JpaRepositoryFactoryBean] is not eligible for getting processed by all BeanPostProcessors (for example: not eligible for auto-proxying)
2025-07-04 09:21:49.335  INFO 21488 --- [main] trationDelegate$BeanPostProcessorChecker : Bean 'roleDao' of type [com.sun.proxy.$Proxy92] is not eligible for getting processed by all BeanPostProcessors (for example: not eligible for auto-proxying)
2025-07-04 09:21:49.338  INFO 21488 --- [main] trationDelegate$BeanPostProcessorChecker : Bean '(inner bean)#2986427e' of type [org.springframework.beans.factory.config.PropertiesFactoryBean] is not eligible for getting processed by all BeanPostProcessors (for example: not eligible for auto-proxying)
2025-07-04 09:21:49.338  INFO 21488 --- [main] trationDelegate$BeanPostProcessorChecker : Bean '(inner bean)#2986427e' of type [java.util.Properties] is not eligible for getting processed by all BeanPostProcessors (for example: not eligible for auto-proxying)
2025-07-04 09:21:49.339  INFO 21488 --- [main] trationDelegate$BeanPostProcessorChecker : Bean '(inner bean)#752494dd' of type [org.springframework.data.repository.core.support.PropertiesBasedNamedQueries] is not eligible for getting processed by all BeanPostProcessors (for example: not eligible for auto-proxying)
2025-07-04 09:21:49.339  INFO 21488 --- [main] trationDelegate$BeanPostProcessorChecker : Bean '(inner bean)#26c6288d' of type [org.springframework.data.repository.query.ExtensionAwareEvaluationContextProvider] is not eligible for getting processed by all BeanPostProcessors (for example: not eligible for auto-proxying)
2025-07-04 09:21:49.339  INFO 21488 --- [main] trationDelegate$BeanPostProcessorChecker : Bean '(inner bean)#644b68ad' of type [com.sun.proxy.$Proxy87] is not eligible for getting processed by all BeanPostProcessors (for example: not eligible for auto-proxying)
2025-07-04 09:21:49.376  INFO 21488 --- [main] trationDelegate$BeanPostProcessorChecker : Bean 'adminUserDao' of type [org.springframework.data.jpa.repository.support.JpaRepositoryFactoryBean] is not eligible for getting processed by all BeanPostProcessors (for example: not eligible for auto-proxying)
2025-07-04 09:21:49.377  INFO 21488 --- [main] trationDelegate$BeanPostProcessorChecker : Bean 'adminUserDao' of type [com.sun.proxy.$Proxy93] is not eligible for getting processed by all BeanPostProcessors (for example: not eligible for auto-proxying)
2025-07-04 09:21:49.399  INFO 21488 --- [main] trationDelegate$BeanPostProcessorChecker : Bean 'adminUserServiceImpl' of type [com.quark.admin.service.impl.AdminUserServiceImpl] is not eligible for getting processed by all BeanPostProcessors (for example: not eligible for auto-proxying)
2025-07-04 09:21:49.408  INFO 21488 --- [main] trationDelegate$BeanPostProcessorChecker : Bean 'roleServiceImpl' of type [com.quark.admin.service.impl.RoleServiceImpl] is not eligible for getting processed by all BeanPostProcessors (for example: not eligible for auto-proxying)
2025-07-04 09:21:49.409  INFO 21488 --- [main] trationDelegate$BeanPostProcessorChecker : Bean 'permissionServiceImpl' of type [com.quark.admin.service.impl.PermissionServiceImpl] is not eligible for getting processed by all BeanPostProcessors (for example: not eligible for auto-proxying)
2025-07-04 09:21:49.410  INFO 21488 --- [main] trationDelegate$BeanPostProcessorChecker : Bean 'shiroConfig' of type [com.quark.admin.config.ShiroConfig$$EnhancerBySpringCGLIB$$31b95450] is not eligible for getting processed by all BeanPostProcessors (for example: not eligible for auto-proxying)
2025-07-04 09:21:49.497  INFO 21488 --- [main] trationDelegate$BeanPostProcessorChecker : Bean 'hashedCredentialsMatcher' of type [org.apache.shiro.authc.credential.HashedCredentialsMatcher] is not eligible for getting processed by all BeanPostProcessors (for example: not eligible for auto-proxying)
2025-07-04 09:21:49.508  INFO 21488 --- [main] trationDelegate$BeanPostProcessorChecker : Bean 'getMyShiroRealm' of type [com.quark.admin.shiro.MyShiroRealm] is not eligible for getting processed by all BeanPostProcessors (for example: not eligible for auto-proxying)
2025-07-04 09:21:49.551  INFO 21488 --- [main] trationDelegate$BeanPostProcessorChecker : Bean 'redisSessionDAO' of type [org.crazycake.shiro.RedisSessionDAO] is not eligible for getting processed by all BeanPostProcessors (for example: not eligible for auto-proxying)
2025-07-04 09:21:49.561  INFO 21488 --- [main] trationDelegate$BeanPostProcessorChecker : Bean 'sessionManager' of type [org.apache.shiro.web.session.mgt.DefaultWebSessionManager] is not eligible for getting processed by all BeanPostProcessors (for example: not eligible for auto-proxying)
2025-07-04 09:21:49.569  INFO 21488 --- [main] trationDelegate$BeanPostProcessorChecker : Bean 'securityManager' of type [org.apache.shiro.web.mgt.DefaultWebSecurityManager] is not eligible for getting processed by all BeanPostProcessors (for example: not eligible for auto-proxying)
2025-07-04 09:21:49.587  INFO 21488 --- [main] trationDelegate$BeanPostProcessorChecker : Bean 'authorizationAttributeSourceAdvisor' of type [org.apache.shiro.spring.security.interceptor.AuthorizationAttributeSourceAdvisor] is not eligible for getting processed by all BeanPostProcessors (for example: not eligible for auto-proxying)
2025-07-04 09:21:49.593  INFO 21488 --- [main] trationDelegate$BeanPostProcessorChecker : Bean 'redisConfig' of type [com.quark.admin.config.RedisConfig$$EnhancerBySpringCGLIB$$7c87db9a] is not eligible for getting processed by all BeanPostProcessors (for example: not eligible for auto-proxying)
2025-07-04 09:21:49.594  INFO 21488 --- [main] trationDelegate$BeanPostProcessorChecker : Bean 'org.springframework.cache.annotation.ProxyCachingConfiguration' of type [org.springframework.cache.annotation.ProxyCachingConfiguration$$EnhancerBySpringCGLIB$$b959209e] is not eligible for getting processed by all BeanPostProcessors (for example: not eligible for auto-proxying)
2025-07-04 09:21:49.609  INFO 21488 --- [main] trationDelegate$BeanPostProcessorChecker : Bean 'org.springframework.boot.autoconfigure.cache.CacheAutoConfiguration' of type [org.springframework.boot.autoconfigure.cache.CacheAutoConfiguration$$EnhancerBySpringCGLIB$$adcce542] is not eligible for getting processed by all BeanPostProcessors (for example: not eligible for auto-proxying)
2025-07-04 09:21:49.616  INFO 21488 --- [main] trationDelegate$BeanPostProcessorChecker : Bean 'spring.cache-org.springframework.boot.autoconfigure.cache.CacheProperties' of type [org.springframework.boot.autoconfigure.cache.CacheProperties] is not eligible for getting processed by all BeanPostProcessors (for example: not eligible for auto-proxying)
2025-07-04 09:21:49.621  INFO 21488 --- [main] trationDelegate$BeanPostProcessorChecker : Bean 'cacheManagerCustomizers' of type [org.springframework.boot.autoconfigure.cache.CacheManagerCustomizers] is not eligible for getting processed by all BeanPostProcessors (for example: not eligible for auto-proxying)
2025-07-04 09:21:49.624  INFO 21488 --- [main] trationDelegate$BeanPostProcessorChecker : Bean 'org.springframework.boot.autoconfigure.cache.EhCacheCacheConfiguration' of type [org.springframework.boot.autoconfigure.cache.EhCacheCacheConfiguration$$EnhancerBySpringCGLIB$$486bb240] is not eligible for getting processed by all BeanPostProcessors (for example: not eligible for auto-proxying)
2025-07-04 09:21:49.840  INFO 21488 --- [main] trationDelegate$BeanPostProcessorChecker : Bean 'ehCacheCacheManager' of type [net.sf.ehcache.CacheManager] is not eligible for getting processed by all BeanPostProcessors (for example: not eligible for auto-proxying)
2025-07-04 09:21:49.844  INFO 21488 --- [main] trationDelegate$BeanPostProcessorChecker : Bean 'cacheManager' of type [org.springframework.cache.ehcache.EhCacheCacheManager] is not eligible for getting processed by all BeanPostProcessors (for example: not eligible for auto-proxying)
2025-07-04 09:21:49.845  INFO 21488 --- [main] trationDelegate$BeanPostProcessorChecker : Bean 'cacheAutoConfigurationValidator' of type [org.springframework.boot.autoconfigure.cache.CacheAutoConfiguration$CacheManagerValidator] is not eligible for getting processed by all BeanPostProcessors (for example: not eligible for auto-proxying)
2025-07-04 09:21:49.875  INFO 21488 --- [main] trationDelegate$BeanPostProcessorChecker : Bean 'transactionManager' of type [org.springframework.orm.jpa.JpaTransactionManager] is not eligible for getting processed by all BeanPostProcessors (for example: not eligible for auto-proxying)
2025-07-04 09:21:50.024  INFO 21488 --- [main] o.h.h.i.QueryTranslatorFactoryInitiator  : HHH000397: Using ASTQueryTranslatorFactory
2025-07-04 09:21:50.622  INFO 21488 --- [main] s.b.c.e.t.TomcatEmbeddedServletContainer : Tomcat initialized with port(s): 8080 (http)
2025-07-04 09:21:50.635  INFO 21488 --- [main] o.apache.catalina.core.StandardService   : Starting service [Tomcat]
2025-07-04 09:21:50.636  INFO 21488 --- [main] org.apache.catalina.core.StandardEngine  : Starting Servlet Engine: Apache Tomcat/8.5.16
2025-07-04 09:21:50.723  INFO 21488 --- [localhost-startStop-1] o.a.c.c.C.[Tomcat].[localhost].[/]       : Initializing Spring embedded WebApplicationContext
2025-07-04 09:21:50.723 DEBUG 21488 --- [localhost-startStop-1] o.s.web.context.ContextLoader            : Published root WebApplicationContext as ServletContext attribute with name [org.springframework.web.context.WebApplicationContext.ROOT]
2025-07-04 09:21:50.724  INFO 21488 --- [localhost-startStop-1] o.s.web.context.ContextLoader            : Root WebApplicationContext: initialization completed in 28003 ms
2025-07-04 09:21:50.858  INFO 21488 --- [localhost-startStop-1] o.s.b.w.servlet.ServletRegistrationBean  : Mapping servlet: 'dispatcherServlet' to [/]
2025-07-04 09:21:50.862  INFO 21488 --- [localhost-startStop-1] o.s.b.w.servlet.FilterRegistrationBean   : Mapping filter: 'characterEncodingFilter' to: [/*]
2025-07-04 09:21:50.863  INFO 21488 --- [localhost-startStop-1] o.s.b.w.servlet.FilterRegistrationBean   : Mapping filter: 'hiddenHttpMethodFilter' to: [/*]
2025-07-04 09:21:50.863  INFO 21488 --- [localhost-startStop-1] o.s.b.w.servlet.FilterRegistrationBean   : Mapping filter: 'httpPutFormContentFilter' to: [/*]
2025-07-04 09:21:50.863  INFO 21488 --- [localhost-startStop-1] o.s.b.w.servlet.FilterRegistrationBean   : Mapping filter: 'requestContextFilter' to: [/*]
2025-07-04 09:21:50.863  INFO 21488 --- [localhost-startStop-1] o.s.b.w.servlet.FilterRegistrationBean   : Mapping filter: 'shirFilter' to: [/*]
2025-07-04 09:21:50.885 DEBUG 21488 --- [main] o.s.w.c.s.StandardServletEnvironment     : Replacing [servletContextInitParams] PropertySource with [servletContextInitParams]
2025-07-04 09:21:51.021  INFO 21488 --- [main] sConfig$$EnhancerBySpringCGLIB$$7c87db9a : JedisPool注入成功！！
2025-07-04 09:21:51.021  INFO 21488 --- [main] sConfig$$EnhancerBySpringCGLIB$$7c87db9a : redis地址：154.9.24.233:6379
2025-07-04 09:21:51.406  INFO 21488 --- [main] s.w.s.m.m.a.RequestMappingHandlerAdapter : Looking for @ControllerAdvice: org.springframework.boot.context.embedded.AnnotationConfigEmbeddedWebApplicationContext@1ec9bd38: startup date [Fri Jul 04 09:21:22 CST 2025]; root of context hierarchy
2025-07-04 09:21:51.500 DEBUG 21488 --- [main] s.w.s.m.m.a.RequestMappingHandlerMapping : Looking for request mappings in application context: org.springframework.boot.context.embedded.AnnotationConfigEmbeddedWebApplicationContext@1ec9bd38: startup date [Fri Jul 04 09:21:22 CST 2025]; root of context hierarchy
2025-07-04 09:21:51.514 DEBUG 21488 --- [main] s.w.s.m.m.a.RequestMappingHandlerMapping : 5 request handler methods found on class com.quark.admin.controller.AdminUserController: {public com.quark.common.dto.PageResult com.quark.admin.controller.AdminUserController.getAll(com.quark.common.entity.AdminUser,java.lang.String,int,int)={[/admins],methods=[GET]}, public com.quark.common.dto.QuarkResult com.quark.admin.controller.AdminUserController.deleteAdmin(com.quark.common.entity.AdminUser[])={[/admins/delete],methods=[POST]}, public com.quark.common.dto.QuarkResult com.quark.admin.controller.AdminUserController.addAdmin(com.quark.common.entity.AdminUser)={[/admins/add],methods=[POST]}, public com.quark.common.dto.QuarkResult com.quark.admin.controller.AdminUserController.saveAdminEnable(java.lang.Integer[])={[/admins/saveAdminEnable],methods=[POST]}, public com.quark.common.dto.QuarkResult com.quark.admin.controller.AdminUserController.saveAdminRoles(java.lang.Integer,java.lang.Integer[])={[/admins/saveAdminRoles],methods=[POST]}}
2025-07-04 09:21:51.514  INFO 21488 --- [main] s.w.s.m.m.a.RequestMappingHandlerMapping : Mapped "{[/admins],methods=[GET]}" onto public com.quark.common.dto.PageResult com.quark.admin.controller.AdminUserController.getAll(com.quark.common.entity.AdminUser,java.lang.String,int,int)
2025-07-04 09:21:51.516  INFO 21488 --- [main] s.w.s.m.m.a.RequestMappingHandlerMapping : Mapped "{[/admins/delete],methods=[POST]}" onto public com.quark.common.dto.QuarkResult com.quark.admin.controller.AdminUserController.deleteAdmin(com.quark.common.entity.AdminUser[])
2025-07-04 09:21:51.516  INFO 21488 --- [main] s.w.s.m.m.a.RequestMappingHandlerMapping : Mapped "{[/admins/add],methods=[POST]}" onto public com.quark.common.dto.QuarkResult com.quark.admin.controller.AdminUserController.addAdmin(com.quark.common.entity.AdminUser)
2025-07-04 09:21:51.516  INFO 21488 --- [main] s.w.s.m.m.a.RequestMappingHandlerMapping : Mapped "{[/admins/saveAdminEnable],methods=[POST]}" onto public com.quark.common.dto.QuarkResult com.quark.admin.controller.AdminUserController.saveAdminEnable(java.lang.Integer[])
2025-07-04 09:21:51.516  INFO 21488 --- [main] s.w.s.m.m.a.RequestMappingHandlerMapping : Mapped "{[/admins/saveAdminRoles],methods=[POST]}" onto public com.quark.common.dto.QuarkResult com.quark.admin.controller.AdminUserController.saveAdminRoles(java.lang.Integer,java.lang.Integer[])
2025-07-04 09:21:51.518 DEBUG 21488 --- [main] s.w.s.m.m.a.RequestMappingHandlerMapping : 3 request handler methods found on class com.quark.admin.controller.LabelController: {public com.quark.common.dto.PageResult com.quark.admin.controller.LabelController.getAll(java.lang.String,int,int)={[/labels],methods=[GET]}, public com.quark.common.dto.QuarkResult com.quark.admin.controller.LabelController.deleteLabels(com.quark.common.entity.Label[])={[/labels/delete],methods=[POST]}, public com.quark.common.dto.QuarkResult com.quark.admin.controller.LabelController.addLabels(com.quark.common.entity.Label)={[/labels/add],methods=[POST]}}
2025-07-04 09:21:51.519  INFO 21488 --- [main] s.w.s.m.m.a.RequestMappingHandlerMapping : Mapped "{[/labels],methods=[GET]}" onto public com.quark.common.dto.PageResult com.quark.admin.controller.LabelController.getAll(java.lang.String,int,int)
2025-07-04 09:21:51.519  INFO 21488 --- [main] s.w.s.m.m.a.RequestMappingHandlerMapping : Mapped "{[/labels/delete],methods=[POST]}" onto public com.quark.common.dto.QuarkResult com.quark.admin.controller.LabelController.deleteLabels(com.quark.common.entity.Label[])
2025-07-04 09:21:51.519  INFO 21488 --- [main] s.w.s.m.m.a.RequestMappingHandlerMapping : Mapped "{[/labels/add],methods=[POST]}" onto public com.quark.common.dto.QuarkResult com.quark.admin.controller.LabelController.addLabels(com.quark.common.entity.Label)
2025-07-04 09:21:51.519 DEBUG 21488 --- [main] s.w.s.m.m.a.RequestMappingHandlerMapping : 1 request handler methods found on class com.quark.admin.controller.LogoutController: {public java.lang.String com.quark.admin.controller.LogoutController.logout()={[/logout]}}
2025-07-04 09:21:51.520  INFO 21488 --- [main] s.w.s.m.m.a.RequestMappingHandlerMapping : Mapped "{[/logout]}" onto public java.lang.String com.quark.admin.controller.LogoutController.logout()
2025-07-04 09:21:51.520 DEBUG 21488 --- [main] s.w.s.m.m.a.RequestMappingHandlerMapping : 10 request handler methods found on class com.quark.admin.controller.PageController: {public java.lang.String com.quark.admin.controller.PageController.AdminsPage()={[/adminsPage]}, public java.lang.String com.quark.admin.controller.PageController.InitPage()={[/initPage]}, public java.lang.String com.quark.admin.controller.PageController.PermissionPage()={[/permissionsPage]}, public java.lang.String com.quark.admin.controller.PageController.RolesPage()={[/rolesPage]}, public java.lang.String com.quark.admin.controller.PageController.UsersPage()={[/usersPage]}, public java.lang.String com.quark.admin.controller.PageController.login(javax.servlet.http.HttpServletRequest,com.quark.common.entity.AdminUser,org.springframework.ui.Model)={[/login],methods=[POST]}, public java.lang.String com.quark.admin.controller.PageController.login()={[/login],methods=[GET]}, public java.lang.String com.quark.admin.controller.PageController.PostsPage()={[/postsPage]}, public java.lang.String com.quark.admin.controller.PageController.LabelsPage()={[/labelsPage]}, public java.lang.String com.quark.admin.controller.PageController.ReplysPage()={[/replysPage]}}
2025-07-04 09:21:51.520  INFO 21488 --- [main] s.w.s.m.m.a.RequestMappingHandlerMapping : Mapped "{[/adminsPage]}" onto public java.lang.String com.quark.admin.controller.PageController.AdminsPage()
2025-07-04 09:21:51.521  INFO 21488 --- [main] s.w.s.m.m.a.RequestMappingHandlerMapping : Mapped "{[/initPage]}" onto public java.lang.String com.quark.admin.controller.PageController.InitPage()
2025-07-04 09:21:51.521  INFO 21488 --- [main] s.w.s.m.m.a.RequestMappingHandlerMapping : Mapped "{[/permissionsPage]}" onto public java.lang.String com.quark.admin.controller.PageController.PermissionPage()
2025-07-04 09:21:51.521  INFO 21488 --- [main] s.w.s.m.m.a.RequestMappingHandlerMapping : Mapped "{[/rolesPage]}" onto public java.lang.String com.quark.admin.controller.PageController.RolesPage()
2025-07-04 09:21:51.521  INFO 21488 --- [main] s.w.s.m.m.a.RequestMappingHandlerMapping : Mapped "{[/usersPage]}" onto public java.lang.String com.quark.admin.controller.PageController.UsersPage()
2025-07-04 09:21:51.522  INFO 21488 --- [main] s.w.s.m.m.a.RequestMappingHandlerMapping : Mapped "{[/login],methods=[POST]}" onto public java.lang.String com.quark.admin.controller.PageController.login(javax.servlet.http.HttpServletRequest,com.quark.common.entity.AdminUser,org.springframework.ui.Model)
2025-07-04 09:21:51.522  INFO 21488 --- [main] s.w.s.m.m.a.RequestMappingHandlerMapping : Mapped "{[/login],methods=[GET]}" onto public java.lang.String com.quark.admin.controller.PageController.login()
2025-07-04 09:21:51.522  INFO 21488 --- [main] s.w.s.m.m.a.RequestMappingHandlerMapping : Mapped "{[/postsPage]}" onto public java.lang.String com.quark.admin.controller.PageController.PostsPage()
2025-07-04 09:21:51.522  INFO 21488 --- [main] s.w.s.m.m.a.RequestMappingHandlerMapping : Mapped "{[/labelsPage]}" onto public java.lang.String com.quark.admin.controller.PageController.LabelsPage()
2025-07-04 09:21:51.523  INFO 21488 --- [main] s.w.s.m.m.a.RequestMappingHandlerMapping : Mapped "{[/replysPage]}" onto public java.lang.String com.quark.admin.controller.PageController.ReplysPage()
2025-07-04 09:21:51.524 DEBUG 21488 --- [main] s.w.s.m.m.a.RequestMappingHandlerMapping : 5 request handler methods found on class com.quark.admin.controller.PermissionController: {public com.quark.common.dto.QuarkResult com.quark.admin.controller.PermissionController.add(com.quark.common.entity.Permission)={[/permissions/add],methods=[POST]}, public com.quark.common.dto.QuarkResult com.quark.admin.controller.PermissionController.delete(com.quark.common.entity.Permission[])={[/permissions/delete],methods=[POST]}, public com.quark.common.dto.PageResult com.quark.admin.controller.PermissionController.getAll(java.lang.String,int,int)={[/permissions],methods=[GET]}, public java.util.List com.quark.admin.controller.PermissionController.loadMenu()={[/permissions/loadMenu],methods=[POST]}, public com.quark.common.dto.QuarkResult com.quark.admin.controller.PermissionController.PermissionWithSelected(java.lang.Integer)={[/permissions/PermissionWithSelected],methods=[POST]}}
2025-07-04 09:21:51.524  INFO 21488 --- [main] s.w.s.m.m.a.RequestMappingHandlerMapping : Mapped "{[/permissions/add],methods=[POST]}" onto public com.quark.common.dto.QuarkResult com.quark.admin.controller.PermissionController.add(com.quark.common.entity.Permission)
2025-07-04 09:21:51.524  INFO 21488 --- [main] s.w.s.m.m.a.RequestMappingHandlerMapping : Mapped "{[/permissions/delete],methods=[POST]}" onto public com.quark.common.dto.QuarkResult com.quark.admin.controller.PermissionController.delete(com.quark.common.entity.Permission[])
2025-07-04 09:21:51.525  INFO 21488 --- [main] s.w.s.m.m.a.RequestMappingHandlerMapping : Mapped "{[/permissions],methods=[GET]}" onto public com.quark.common.dto.PageResult com.quark.admin.controller.PermissionController.getAll(java.lang.String,int,int)
2025-07-04 09:21:51.525  INFO 21488 --- [main] s.w.s.m.m.a.RequestMappingHandlerMapping : Mapped "{[/permissions/loadMenu],methods=[POST]}" onto public java.util.List<com.quark.common.entity.Permission> com.quark.admin.controller.PermissionController.loadMenu()
2025-07-04 09:21:51.525  INFO 21488 --- [main] s.w.s.m.m.a.RequestMappingHandlerMapping : Mapped "{[/permissions/PermissionWithSelected],methods=[POST]}" onto public com.quark.common.dto.QuarkResult com.quark.admin.controller.PermissionController.PermissionWithSelected(java.lang.Integer)
2025-07-04 09:21:51.526 DEBUG 21488 --- [main] s.w.s.m.m.a.RequestMappingHandlerMapping : 4 request handler methods found on class com.quark.admin.controller.PostsController: {public com.quark.common.dto.PageResult com.quark.admin.controller.PostsController.getAll(com.quark.common.entity.Posts,java.lang.Integer,java.lang.String,int,int)={[/posts],methods=[GET]}, public com.quark.common.dto.QuarkResult com.quark.admin.controller.PostsController.saveGood(java.lang.Integer[])={[/posts/saveGood],methods=[POST]}, public com.quark.common.dto.QuarkResult com.quark.admin.controller.PostsController.deletePosts(com.quark.common.entity.Posts[])={[/posts/delete],methods=[POST]}, public com.quark.common.dto.QuarkResult com.quark.admin.controller.PostsController.saveTop(java.lang.Integer[])={[/posts/saveTop],methods=[POST]}}
2025-07-04 09:21:51.527  INFO 21488 --- [main] s.w.s.m.m.a.RequestMappingHandlerMapping : Mapped "{[/posts],methods=[GET]}" onto public com.quark.common.dto.PageResult com.quark.admin.controller.PostsController.getAll(com.quark.common.entity.Posts,java.lang.Integer,java.lang.String,int,int)
2025-07-04 09:21:51.527  INFO 21488 --- [main] s.w.s.m.m.a.RequestMappingHandlerMapping : Mapped "{[/posts/saveGood],methods=[POST]}" onto public com.quark.common.dto.QuarkResult com.quark.admin.controller.PostsController.saveGood(java.lang.Integer[])
2025-07-04 09:21:51.527  INFO 21488 --- [main] s.w.s.m.m.a.RequestMappingHandlerMapping : Mapped "{[/posts/delete],methods=[POST]}" onto public com.quark.common.dto.QuarkResult com.quark.admin.controller.PostsController.deletePosts(com.quark.common.entity.Posts[])
2025-07-04 09:21:51.527  INFO 21488 --- [main] s.w.s.m.m.a.RequestMappingHandlerMapping : Mapped "{[/posts/saveTop],methods=[POST]}" onto public com.quark.common.dto.QuarkResult com.quark.admin.controller.PostsController.saveTop(java.lang.Integer[])
2025-07-04 09:21:51.528 DEBUG 21488 --- [main] s.w.s.m.m.a.RequestMappingHandlerMapping : 2 request handler methods found on class com.quark.admin.controller.ReplyController: {public com.quark.common.dto.QuarkResult com.quark.admin.controller.ReplyController.delete(com.quark.common.entity.Reply[])={[/replys/delete],methods=[POST]}, public com.quark.common.dto.PageResult com.quark.admin.controller.ReplyController.getAll(com.quark.common.entity.Reply,java.lang.Integer,java.lang.String,int,int)={[/replys],methods=[GET]}}
2025-07-04 09:21:51.528  INFO 21488 --- [main] s.w.s.m.m.a.RequestMappingHandlerMapping : Mapped "{[/replys/delete],methods=[POST]}" onto public com.quark.common.dto.QuarkResult com.quark.admin.controller.ReplyController.delete(com.quark.common.entity.Reply[])
2025-07-04 09:21:51.528  INFO 21488 --- [main] s.w.s.m.m.a.RequestMappingHandlerMapping : Mapped "{[/replys],methods=[GET]}" onto public com.quark.common.dto.PageResult com.quark.admin.controller.ReplyController.getAll(com.quark.common.entity.Reply,java.lang.Integer,java.lang.String,int,int)
2025-07-04 09:21:51.532 DEBUG 21488 --- [main] s.w.s.m.m.a.RequestMappingHandlerMapping : 5 request handler methods found on class com.quark.admin.controller.RoleController: {public com.quark.common.dto.QuarkResult com.quark.admin.controller.RoleController.add(com.quark.common.entity.Role)={[/roles/add],methods=[POST]}, public com.quark.common.dto.QuarkResult com.quark.admin.controller.RoleController.delete(com.quark.common.entity.Role[])={[/roles/delete],methods=[POST]}, public com.quark.common.dto.PageResult com.quark.admin.controller.RoleController.getAll(java.lang.String,int,int)={[/roles],methods=[GET]}, public com.quark.common.dto.QuarkResult com.quark.admin.controller.RoleController.rolesWithSelected(java.lang.Integer)={[/roles/rolesWithSelected],methods=[POST]}, public com.quark.common.dto.QuarkResult com.quark.admin.controller.RoleController.saveRolePermission(java.lang.Integer,com.quark.common.entity.Permission[])={[/roles/saveRolePermission],methods=[POST]}}
2025-07-04 09:21:51.532  INFO 21488 --- [main] s.w.s.m.m.a.RequestMappingHandlerMapping : Mapped "{[/roles/add],methods=[POST]}" onto public com.quark.common.dto.QuarkResult com.quark.admin.controller.RoleController.add(com.quark.common.entity.Role)
2025-07-04 09:21:51.532  INFO 21488 --- [main] s.w.s.m.m.a.RequestMappingHandlerMapping : Mapped "{[/roles/delete],methods=[POST]}" onto public com.quark.common.dto.QuarkResult com.quark.admin.controller.RoleController.delete(com.quark.common.entity.Role[])
2025-07-04 09:21:51.533  INFO 21488 --- [main] s.w.s.m.m.a.RequestMappingHandlerMapping : Mapped "{[/roles],methods=[GET]}" onto public com.quark.common.dto.PageResult com.quark.admin.controller.RoleController.getAll(java.lang.String,int,int)
2025-07-04 09:21:51.533  INFO 21488 --- [main] s.w.s.m.m.a.RequestMappingHandlerMapping : Mapped "{[/roles/rolesWithSelected],methods=[POST]}" onto public com.quark.common.dto.QuarkResult com.quark.admin.controller.RoleController.rolesWithSelected(java.lang.Integer)
2025-07-04 09:21:51.533  INFO 21488 --- [main] s.w.s.m.m.a.RequestMappingHandlerMapping : Mapped "{[/roles/saveRolePermission],methods=[POST]}" onto public com.quark.common.dto.QuarkResult com.quark.admin.controller.RoleController.saveRolePermission(java.lang.Integer,com.quark.common.entity.Permission[])
2025-07-04 09:21:51.533 DEBUG 21488 --- [main] s.w.s.m.m.a.RequestMappingHandlerMapping : 2 request handler methods found on class com.quark.admin.controller.UserController: {public com.quark.common.dto.PageResult com.quark.admin.controller.UserController.getAll(com.quark.common.entity.User,java.lang.String,int,int)={[/users],methods=[GET]}, public com.quark.common.dto.QuarkResult com.quark.admin.controller.UserController.saveUserEnable(java.lang.Integer[])={[/users/saveUserEnable],methods=[POST]}}
2025-07-04 09:21:51.533  INFO 21488 --- [main] s.w.s.m.m.a.RequestMappingHandlerMapping : Mapped "{[/users],methods=[GET]}" onto public com.quark.common.dto.PageResult com.quark.admin.controller.UserController.getAll(com.quark.common.entity.User,java.lang.String,int,int)
2025-07-04 09:21:51.534  INFO 21488 --- [main] s.w.s.m.m.a.RequestMappingHandlerMapping : Mapped "{[/users/saveUserEnable],methods=[POST]}" onto public com.quark.common.dto.QuarkResult com.quark.admin.controller.UserController.saveUserEnable(java.lang.Integer[])
2025-07-04 09:21:51.534 DEBUG 21488 --- [main] s.w.s.m.m.a.RequestMappingHandlerMapping : 2 request handler methods found on class org.springframework.boot.autoconfigure.web.BasicErrorController: {public org.springframework.http.ResponseEntity org.springframework.boot.autoconfigure.web.BasicErrorController.error(javax.servlet.http.HttpServletRequest)={[/error]}, public org.springframework.web.servlet.ModelAndView org.springframework.boot.autoconfigure.web.BasicErrorController.errorHtml(javax.servlet.http.HttpServletRequest,javax.servlet.http.HttpServletResponse)={[/error],produces=[text/html]}}
2025-07-04 09:21:51.535  INFO 21488 --- [main] s.w.s.m.m.a.RequestMappingHandlerMapping : Mapped "{[/error]}" onto public org.springframework.http.ResponseEntity<java.util.Map<java.lang.String, java.lang.Object>> org.springframework.boot.autoconfigure.web.BasicErrorController.error(javax.servlet.http.HttpServletRequest)
2025-07-04 09:21:51.535  INFO 21488 --- [main] s.w.s.m.m.a.RequestMappingHandlerMapping : Mapped "{[/error],produces=[text/html]}" onto public org.springframework.web.servlet.ModelAndView org.springframework.boot.autoconfigure.web.BasicErrorController.errorHtml(javax.servlet.http.HttpServletRequest,javax.servlet.http.HttpServletResponse)
2025-07-04 09:21:51.558 DEBUG 21488 --- [main] o.s.w.s.h.BeanNameUrlHandlerMapping      : Looking for URL mappings in application context: org.springframework.boot.context.embedded.AnnotationConfigEmbeddedWebApplicationContext@1ec9bd38: startup date [Fri Jul 04 09:21:22 CST 2025]; root of context hierarchy
2025-07-04 09:21:51.558 DEBUG 21488 --- [main] o.s.w.s.h.BeanNameUrlHandlerMapping      : Rejected bean name 'org.springframework.context.annotation.internalConfigurationAnnotationProcessor': no URL paths identified
2025-07-04 09:21:51.558 DEBUG 21488 --- [main] o.s.w.s.h.BeanNameUrlHandlerMapping      : Rejected bean name 'org.springframework.context.annotation.internalAutowiredAnnotationProcessor': no URL paths identified
2025-07-04 09:21:51.558 DEBUG 21488 --- [main] o.s.w.s.h.BeanNameUrlHandlerMapping      : Rejected bean name 'org.springframework.context.annotation.internalRequiredAnnotationProcessor': no URL paths identified
2025-07-04 09:21:51.559 DEBUG 21488 --- [main] o.s.w.s.h.BeanNameUrlHandlerMapping      : Rejected bean name 'org.springframework.context.annotation.internalCommonAnnotationProcessor': no URL paths identified
2025-07-04 09:21:51.559 DEBUG 21488 --- [main] o.s.w.s.h.BeanNameUrlHandlerMapping      : Rejected bean name 'org.springframework.context.annotation.internalPersistenceAnnotationProcessor': no URL paths identified
2025-07-04 09:21:51.559 DEBUG 21488 --- [main] o.s.w.s.h.BeanNameUrlHandlerMapping      : Rejected bean name 'org.springframework.context.event.internalEventListenerProcessor': no URL paths identified
2025-07-04 09:21:51.559 DEBUG 21488 --- [main] o.s.w.s.h.BeanNameUrlHandlerMapping      : Rejected bean name 'org.springframework.context.event.internalEventListenerFactory': no URL paths identified
2025-07-04 09:21:51.559 DEBUG 21488 --- [main] o.s.w.s.h.BeanNameUrlHandlerMapping      : Rejected bean name 'adminApplication': no URL paths identified
2025-07-04 09:21:51.559 DEBUG 21488 --- [main] o.s.w.s.h.BeanNameUrlHandlerMapping      : Rejected bean name 'org.springframework.boot.autoconfigure.internalCachingMetadataReaderFactory': no URL paths identified
2025-07-04 09:21:51.559 DEBUG 21488 --- [main] o.s.w.s.h.BeanNameUrlHandlerMapping      : Rejected bean name 'adminConfig': no URL paths identified
2025-07-04 09:21:51.559 DEBUG 21488 --- [main] o.s.w.s.h.BeanNameUrlHandlerMapping      : Rejected bean name 'corsConfig': no URL paths identified
2025-07-04 09:21:51.559 DEBUG 21488 --- [main] o.s.w.s.h.BeanNameUrlHandlerMapping      : Rejected bean name 'redisConfig': no URL paths identified
2025-07-04 09:21:51.560 DEBUG 21488 --- [main] o.s.w.s.h.BeanNameUrlHandlerMapping      : Rejected bean name 'shiroConfig': no URL paths identified
2025-07-04 09:21:51.560 DEBUG 21488 --- [main] o.s.w.s.h.BeanNameUrlHandlerMapping      : Rejected bean name 'adminUserController': no URL paths identified
2025-07-04 09:21:51.560 DEBUG 21488 --- [main] o.s.w.s.h.BeanNameUrlHandlerMapping      : Rejected bean name 'labelController': no URL paths identified
2025-07-04 09:21:51.560 DEBUG 21488 --- [main] o.s.w.s.h.BeanNameUrlHandlerMapping      : Rejected bean name 'logoutController': no URL paths identified
2025-07-04 09:21:51.560 DEBUG 21488 --- [main] o.s.w.s.h.BeanNameUrlHandlerMapping      : Rejected bean name 'pageController': no URL paths identified
2025-07-04 09:21:51.560 DEBUG 21488 --- [main] o.s.w.s.h.BeanNameUrlHandlerMapping      : Rejected bean name 'permissionController': no URL paths identified
2025-07-04 09:21:51.560 DEBUG 21488 --- [main] o.s.w.s.h.BeanNameUrlHandlerMapping      : Rejected bean name 'postsController': no URL paths identified
2025-07-04 09:21:51.560 DEBUG 21488 --- [main] o.s.w.s.h.BeanNameUrlHandlerMapping      : Rejected bean name 'replyController': no URL paths identified
2025-07-04 09:21:51.561 DEBUG 21488 --- [main] o.s.w.s.h.BeanNameUrlHandlerMapping      : Rejected bean name 'roleController': no URL paths identified
2025-07-04 09:21:51.561 DEBUG 21488 --- [main] o.s.w.s.h.BeanNameUrlHandlerMapping      : Rejected bean name 'userController': no URL paths identified
2025-07-04 09:21:51.561 DEBUG 21488 --- [main] o.s.w.s.h.BeanNameUrlHandlerMapping      : Rejected bean name 'adminUserServiceImpl': no URL paths identified
2025-07-04 09:21:51.561 DEBUG 21488 --- [main] o.s.w.s.h.BeanNameUrlHandlerMapping      : Rejected bean name 'labelServiceImpl': no URL paths identified
2025-07-04 09:21:51.561 DEBUG 21488 --- [main] o.s.w.s.h.BeanNameUrlHandlerMapping      : Rejected bean name 'permissionServiceImpl': no URL paths identified
2025-07-04 09:21:51.561 DEBUG 21488 --- [main] o.s.w.s.h.BeanNameUrlHandlerMapping      : Rejected bean name 'postsServiceImpl': no URL paths identified
2025-07-04 09:21:51.561 DEBUG 21488 --- [main] o.s.w.s.h.BeanNameUrlHandlerMapping      : Rejected bean name 'replyServiceImpl': no URL paths identified
2025-07-04 09:21:51.561 DEBUG 21488 --- [main] o.s.w.s.h.BeanNameUrlHandlerMapping      : Rejected bean name 'roleServiceImpl': no URL paths identified
2025-07-04 09:21:51.561 DEBUG 21488 --- [main] o.s.w.s.h.BeanNameUrlHandlerMapping      : Rejected bean name 'userServiceImpl': no URL paths identified
2025-07-04 09:21:51.562 DEBUG 21488 --- [main] o.s.w.s.h.BeanNameUrlHandlerMapping      : Rejected bean name 'shiroService': no URL paths identified
2025-07-04 09:21:51.562 DEBUG 21488 --- [main] o.s.w.s.h.BeanNameUrlHandlerMapping      : Rejected bean name 'commonApplication': no URL paths identified
2025-07-04 09:21:51.562 DEBUG 21488 --- [main] o.s.w.s.h.BeanNameUrlHandlerMapping      : Rejected bean name 'org.springframework.cache.annotation.ProxyCachingConfiguration': no URL paths identified
2025-07-04 09:21:51.562 DEBUG 21488 --- [main] o.s.w.s.h.BeanNameUrlHandlerMapping      : Rejected bean name 'org.springframework.cache.config.internalCacheAdvisor': no URL paths identified
2025-07-04 09:21:51.562 DEBUG 21488 --- [main] o.s.w.s.h.BeanNameUrlHandlerMapping      : Rejected bean name 'cacheOperationSource': no URL paths identified
2025-07-04 09:21:51.562 DEBUG 21488 --- [main] o.s.w.s.h.BeanNameUrlHandlerMapping      : Rejected bean name 'cacheInterceptor': no URL paths identified
2025-07-04 09:21:51.563 DEBUG 21488 --- [main] o.s.w.s.h.BeanNameUrlHandlerMapping      : Rejected bean name 'org.springframework.boot.autoconfigure.AutoConfigurationPackages': no URL paths identified
2025-07-04 09:21:51.563 DEBUG 21488 --- [main] o.s.w.s.h.BeanNameUrlHandlerMapping      : Rejected bean name 'org.springframework.aop.config.internalAutoProxyCreator': no URL paths identified
2025-07-04 09:21:51.563 DEBUG 21488 --- [main] o.s.w.s.h.BeanNameUrlHandlerMapping      : Rejected bean name 'redisPoolFactory': no URL paths identified
2025-07-04 09:21:51.563 DEBUG 21488 --- [main] o.s.w.s.h.BeanNameUrlHandlerMapping      : Rejected bean name 'getMyShiroRealm': no URL paths identified
2025-07-04 09:21:51.563 DEBUG 21488 --- [main] o.s.w.s.h.BeanNameUrlHandlerMapping      : Rejected bean name 'getLifecycleBeanPostProcessor': no URL paths identified
2025-07-04 09:21:51.563 DEBUG 21488 --- [main] o.s.w.s.h.BeanNameUrlHandlerMapping      : Rejected bean name 'shiroDialect': no URL paths identified
2025-07-04 09:21:51.563 DEBUG 21488 --- [main] o.s.w.s.h.BeanNameUrlHandlerMapping      : Rejected bean name 'shirFilter': no URL paths identified
2025-07-04 09:21:51.564 DEBUG 21488 --- [main] o.s.w.s.h.BeanNameUrlHandlerMapping      : Rejected bean name 'securityManager': no URL paths identified
2025-07-04 09:21:51.564 DEBUG 21488 --- [main] o.s.w.s.h.BeanNameUrlHandlerMapping      : Rejected bean name 'hashedCredentialsMatcher': no URL paths identified
2025-07-04 09:21:51.564 DEBUG 21488 --- [main] o.s.w.s.h.BeanNameUrlHandlerMapping      : Rejected bean name 'authorizationAttributeSourceAdvisor': no URL paths identified
2025-07-04 09:21:51.564 DEBUG 21488 --- [main] o.s.w.s.h.BeanNameUrlHandlerMapping      : Rejected bean name 'redisSessionDAO': no URL paths identified
2025-07-04 09:21:51.564 DEBUG 21488 --- [main] o.s.w.s.h.BeanNameUrlHandlerMapping      : Rejected bean name 'sessionManager': no URL paths identified
2025-07-04 09:21:51.564 DEBUG 21488 --- [main] o.s.w.s.h.BeanNameUrlHandlerMapping      : Rejected bean name 'containerCustomizer': no URL paths identified
2025-07-04 09:21:51.565 DEBUG 21488 --- [main] o.s.w.s.h.BeanNameUrlHandlerMapping      : Rejected bean name 'org.springframework.boot.autoconfigure.context.PropertyPlaceholderAutoConfiguration': no URL paths identified
2025-07-04 09:21:51.565 DEBUG 21488 --- [main] o.s.w.s.h.BeanNameUrlHandlerMapping      : Rejected bean name 'org.springframework.boot.autoconfigure.condition.BeanTypeRegistry': no URL paths identified
2025-07-04 09:21:51.565 DEBUG 21488 --- [main] o.s.w.s.h.BeanNameUrlHandlerMapping      : Rejected bean name 'propertySourcesPlaceholderConfigurer': no URL paths identified
2025-07-04 09:21:51.565 DEBUG 21488 --- [main] o.s.w.s.h.BeanNameUrlHandlerMapping      : Rejected bean name 'org.springframework.boot.autoconfigure.jackson.JacksonAutoConfiguration$Jackson2ObjectMapperBuilderCustomizerConfiguration': no URL paths identified
2025-07-04 09:21:51.565 DEBUG 21488 --- [main] o.s.w.s.h.BeanNameUrlHandlerMapping      : Rejected bean name 'standardJacksonObjectMapperBuilderCustomizer': no URL paths identified
2025-07-04 09:21:51.565 DEBUG 21488 --- [main] o.s.w.s.h.BeanNameUrlHandlerMapping      : Rejected bean name 'spring.jackson-org.springframework.boot.autoconfigure.jackson.JacksonProperties': no URL paths identified
2025-07-04 09:21:51.565 DEBUG 21488 --- [main] o.s.w.s.h.BeanNameUrlHandlerMapping      : Rejected bean name 'org.springframework.boot.context.properties.ConfigurationPropertiesBindingPostProcessor': no URL paths identified
2025-07-04 09:21:51.565 DEBUG 21488 --- [main] o.s.w.s.h.BeanNameUrlHandlerMapping      : Rejected bean name 'org.springframework.boot.context.properties.ConfigurationPropertiesBindingPostProcessor.store': no URL paths identified
2025-07-04 09:21:51.566 DEBUG 21488 --- [main] o.s.w.s.h.BeanNameUrlHandlerMapping      : Rejected bean name 'org.springframework.boot.autoconfigure.jackson.JacksonAutoConfiguration$JacksonObjectMapperBuilderConfiguration': no URL paths identified
2025-07-04 09:21:51.566 DEBUG 21488 --- [main] o.s.w.s.h.BeanNameUrlHandlerMapping      : Rejected bean name 'jacksonObjectMapperBuilder': no URL paths identified
2025-07-04 09:21:51.566 DEBUG 21488 --- [main] o.s.w.s.h.BeanNameUrlHandlerMapping      : Rejected bean name 'org.springframework.boot.autoconfigure.jackson.JacksonAutoConfiguration$JacksonObjectMapperConfiguration': no URL paths identified
2025-07-04 09:21:51.566 DEBUG 21488 --- [main] o.s.w.s.h.BeanNameUrlHandlerMapping      : Rejected bean name 'jacksonObjectMapper': no URL paths identified
2025-07-04 09:21:51.566 DEBUG 21488 --- [main] o.s.w.s.h.BeanNameUrlHandlerMapping      : Rejected bean name 'org.springframework.boot.autoconfigure.jackson.JacksonAutoConfiguration': no URL paths identified
2025-07-04 09:21:51.566 DEBUG 21488 --- [main] o.s.w.s.h.BeanNameUrlHandlerMapping      : Rejected bean name 'jsonComponentModule': no URL paths identified
2025-07-04 09:21:51.566 DEBUG 21488 --- [main] o.s.w.s.h.BeanNameUrlHandlerMapping      : Rejected bean name 'org.springframework.boot.autoconfigure.websocket.WebSocketAutoConfiguration$TomcatWebSocketConfiguration': no URL paths identified
2025-07-04 09:21:51.566 DEBUG 21488 --- [main] o.s.w.s.h.BeanNameUrlHandlerMapping      : Rejected bean name 'websocketContainerCustomizer': no URL paths identified
2025-07-04 09:21:51.567 DEBUG 21488 --- [main] o.s.w.s.h.BeanNameUrlHandlerMapping      : Rejected bean name 'org.springframework.boot.autoconfigure.websocket.WebSocketAutoConfiguration': no URL paths identified
2025-07-04 09:21:51.567 DEBUG 21488 --- [main] o.s.w.s.h.BeanNameUrlHandlerMapping      : Rejected bean name 'org.springframework.boot.autoconfigure.web.EmbeddedServletContainerAutoConfiguration$EmbeddedTomcat': no URL paths identified
2025-07-04 09:21:51.567 DEBUG 21488 --- [main] o.s.w.s.h.BeanNameUrlHandlerMapping      : Rejected bean name 'tomcatEmbeddedServletContainerFactory': no URL paths identified
2025-07-04 09:21:51.567 DEBUG 21488 --- [main] o.s.w.s.h.BeanNameUrlHandlerMapping      : Rejected bean name 'org.springframework.boot.autoconfigure.web.EmbeddedServletContainerAutoConfiguration': no URL paths identified
2025-07-04 09:21:51.567 DEBUG 21488 --- [main] o.s.w.s.h.BeanNameUrlHandlerMapping      : Rejected bean name 'embeddedServletContainerCustomizerBeanPostProcessor': no URL paths identified
2025-07-04 09:21:51.567 DEBUG 21488 --- [main] o.s.w.s.h.BeanNameUrlHandlerMapping      : Rejected bean name 'errorPageRegistrarBeanPostProcessor': no URL paths identified
2025-07-04 09:21:51.567 DEBUG 21488 --- [main] o.s.w.s.h.BeanNameUrlHandlerMapping      : Rejected bean name 'org.springframework.boot.autoconfigure.web.DispatcherServletAutoConfiguration$DispatcherServletConfiguration': no URL paths identified
2025-07-04 09:21:51.567 DEBUG 21488 --- [main] o.s.w.s.h.BeanNameUrlHandlerMapping      : Rejected bean name 'dispatcherServlet': no URL paths identified
2025-07-04 09:21:51.567 DEBUG 21488 --- [main] o.s.w.s.h.BeanNameUrlHandlerMapping      : Rejected bean name 'spring.mvc-org.springframework.boot.autoconfigure.web.WebMvcProperties': no URL paths identified
2025-07-04 09:21:51.567 DEBUG 21488 --- [main] o.s.w.s.h.BeanNameUrlHandlerMapping      : Rejected bean name 'org.springframework.boot.autoconfigure.web.DispatcherServletAutoConfiguration$DispatcherServletRegistrationConfiguration': no URL paths identified
2025-07-04 09:21:51.568 DEBUG 21488 --- [main] o.s.w.s.h.BeanNameUrlHandlerMapping      : Rejected bean name 'dispatcherServletRegistration': no URL paths identified
2025-07-04 09:21:51.568 DEBUG 21488 --- [main] o.s.w.s.h.BeanNameUrlHandlerMapping      : Rejected bean name 'org.springframework.boot.autoconfigure.web.DispatcherServletAutoConfiguration': no URL paths identified
2025-07-04 09:21:51.568 DEBUG 21488 --- [main] o.s.w.s.h.BeanNameUrlHandlerMapping      : Rejected bean name 'org.springframework.boot.autoconfigure.validation.ValidationAutoConfiguration': no URL paths identified
2025-07-04 09:21:51.568 DEBUG 21488 --- [main] o.s.w.s.h.BeanNameUrlHandlerMapping      : Rejected bean name 'defaultValidator': no URL paths identified
2025-07-04 09:21:51.568 DEBUG 21488 --- [main] o.s.w.s.h.BeanNameUrlHandlerMapping      : Rejected bean name 'methodValidationPostProcessor': no URL paths identified
2025-07-04 09:21:51.568 DEBUG 21488 --- [main] o.s.w.s.h.BeanNameUrlHandlerMapping      : Rejected bean name 'org.springframework.boot.autoconfigure.web.ErrorMvcAutoConfiguration$WhitelabelErrorViewConfiguration': no URL paths identified
2025-07-04 09:21:51.568 DEBUG 21488 --- [main] o.s.w.s.h.BeanNameUrlHandlerMapping      : Rejected bean name 'error': no URL paths identified
2025-07-04 09:21:51.569 DEBUG 21488 --- [main] o.s.w.s.h.BeanNameUrlHandlerMapping      : Rejected bean name 'beanNameViewResolver': no URL paths identified
2025-07-04 09:21:51.569 DEBUG 21488 --- [main] o.s.w.s.h.BeanNameUrlHandlerMapping      : Rejected bean name 'org.springframework.boot.autoconfigure.web.ErrorMvcAutoConfiguration$DefaultErrorViewResolverConfiguration': no URL paths identified
2025-07-04 09:21:51.569 DEBUG 21488 --- [main] o.s.w.s.h.BeanNameUrlHandlerMapping      : Rejected bean name 'conventionErrorViewResolver': no URL paths identified
2025-07-04 09:21:51.569 DEBUG 21488 --- [main] o.s.w.s.h.BeanNameUrlHandlerMapping      : Rejected bean name 'org.springframework.boot.autoconfigure.web.ErrorMvcAutoConfiguration': no URL paths identified
2025-07-04 09:21:51.569 DEBUG 21488 --- [main] o.s.w.s.h.BeanNameUrlHandlerMapping      : Rejected bean name 'errorAttributes': no URL paths identified
2025-07-04 09:21:51.569 DEBUG 21488 --- [main] o.s.w.s.h.BeanNameUrlHandlerMapping      : Rejected bean name 'basicErrorController': no URL paths identified
2025-07-04 09:21:51.569 DEBUG 21488 --- [main] o.s.w.s.h.BeanNameUrlHandlerMapping      : Rejected bean name 'errorPageCustomizer': no URL paths identified
2025-07-04 09:21:51.569 DEBUG 21488 --- [main] o.s.w.s.h.BeanNameUrlHandlerMapping      : Rejected bean name 'preserveErrorControllerTargetClassPostProcessor': no URL paths identified
2025-07-04 09:21:51.570 DEBUG 21488 --- [main] o.s.w.s.h.BeanNameUrlHandlerMapping      : Rejected bean name 'spring.resources-org.springframework.boot.autoconfigure.web.ResourceProperties': no URL paths identified
2025-07-04 09:21:51.570 DEBUG 21488 --- [main] o.s.w.s.h.BeanNameUrlHandlerMapping      : Rejected bean name 'org.springframework.boot.autoconfigure.web.WebMvcAutoConfiguration$EnableWebMvcConfiguration': no URL paths identified
2025-07-04 09:21:51.570 DEBUG 21488 --- [main] o.s.w.s.h.BeanNameUrlHandlerMapping      : Rejected bean name 'requestMappingHandlerAdapter': no URL paths identified
2025-07-04 09:21:51.570 DEBUG 21488 --- [main] o.s.w.s.h.BeanNameUrlHandlerMapping      : Rejected bean name 'requestMappingHandlerMapping': no URL paths identified
2025-07-04 09:21:51.570 DEBUG 21488 --- [main] o.s.w.s.h.BeanNameUrlHandlerMapping      : Rejected bean name 'mvcValidator': no URL paths identified
2025-07-04 09:21:51.570 DEBUG 21488 --- [main] o.s.w.s.h.BeanNameUrlHandlerMapping      : Rejected bean name 'mvcContentNegotiationManager': no URL paths identified
2025-07-04 09:21:51.570 DEBUG 21488 --- [main] o.s.w.s.h.BeanNameUrlHandlerMapping      : Rejected bean name 'mvcPathMatcher': no URL paths identified
2025-07-04 09:21:51.570 DEBUG 21488 --- [main] o.s.w.s.h.BeanNameUrlHandlerMapping      : Rejected bean name 'mvcUrlPathHelper': no URL paths identified
2025-07-04 09:21:51.570 DEBUG 21488 --- [main] o.s.w.s.h.BeanNameUrlHandlerMapping      : Rejected bean name 'viewControllerHandlerMapping': no URL paths identified
2025-07-04 09:21:51.570 DEBUG 21488 --- [main] o.s.w.s.h.BeanNameUrlHandlerMapping      : Rejected bean name 'beanNameHandlerMapping': no URL paths identified
2025-07-04 09:21:51.570 DEBUG 21488 --- [main] o.s.w.s.h.BeanNameUrlHandlerMapping      : Rejected bean name 'resourceHandlerMapping': no URL paths identified
2025-07-04 09:21:51.571 DEBUG 21488 --- [main] o.s.w.s.h.BeanNameUrlHandlerMapping      : Rejected bean name 'mvcResourceUrlProvider': no URL paths identified
2025-07-04 09:21:51.571 DEBUG 21488 --- [main] o.s.w.s.h.BeanNameUrlHandlerMapping      : Rejected bean name 'defaultServletHandlerMapping': no URL paths identified
2025-07-04 09:21:51.571 DEBUG 21488 --- [main] o.s.w.s.h.BeanNameUrlHandlerMapping      : Rejected bean name 'mvcConversionService': no URL paths identified
2025-07-04 09:21:51.571 DEBUG 21488 --- [main] o.s.w.s.h.BeanNameUrlHandlerMapping      : Rejected bean name 'mvcUriComponentsContributor': no URL paths identified
2025-07-04 09:21:51.571 DEBUG 21488 --- [main] o.s.w.s.h.BeanNameUrlHandlerMapping      : Rejected bean name 'httpRequestHandlerAdapter': no URL paths identified
2025-07-04 09:21:51.571 DEBUG 21488 --- [main] o.s.w.s.h.BeanNameUrlHandlerMapping      : Rejected bean name 'simpleControllerHandlerAdapter': no URL paths identified
2025-07-04 09:21:51.571 DEBUG 21488 --- [main] o.s.w.s.h.BeanNameUrlHandlerMapping      : Rejected bean name 'handlerExceptionResolver': no URL paths identified
2025-07-04 09:21:51.571 DEBUG 21488 --- [main] o.s.w.s.h.BeanNameUrlHandlerMapping      : Rejected bean name 'mvcViewResolver': no URL paths identified
2025-07-04 09:21:51.572 DEBUG 21488 --- [main] o.s.w.s.h.BeanNameUrlHandlerMapping      : Rejected bean name 'org.springframework.boot.autoconfigure.web.WebMvcAutoConfiguration$WebMvcAutoConfigurationAdapter': no URL paths identified
2025-07-04 09:21:51.572 DEBUG 21488 --- [main] o.s.w.s.h.BeanNameUrlHandlerMapping      : Rejected bean name 'defaultViewResolver': no URL paths identified
2025-07-04 09:21:51.572 DEBUG 21488 --- [main] o.s.w.s.h.BeanNameUrlHandlerMapping      : Rejected bean name 'viewResolver': no URL paths identified
2025-07-04 09:21:51.572 DEBUG 21488 --- [main] o.s.w.s.h.BeanNameUrlHandlerMapping      : Rejected bean name 'welcomePageHandlerMapping': no URL paths identified
2025-07-04 09:21:51.572 DEBUG 21488 --- [main] o.s.w.s.h.BeanNameUrlHandlerMapping      : Rejected bean name 'requestContextFilter': no URL paths identified
2025-07-04 09:21:51.572 DEBUG 21488 --- [main] o.s.w.s.h.BeanNameUrlHandlerMapping      : Rejected bean name 'org.springframework.boot.autoconfigure.web.WebMvcAutoConfiguration': no URL paths identified
2025-07-04 09:21:51.572 DEBUG 21488 --- [main] o.s.w.s.h.BeanNameUrlHandlerMapping      : Rejected bean name 'hiddenHttpMethodFilter': no URL paths identified
2025-07-04 09:21:51.572 DEBUG 21488 --- [main] o.s.w.s.h.BeanNameUrlHandlerMapping      : Rejected bean name 'httpPutFormContentFilter': no URL paths identified
2025-07-04 09:21:51.573 DEBUG 21488 --- [main] o.s.w.s.h.BeanNameUrlHandlerMapping      : Rejected bean name 'org.springframework.boot.autoconfigure.jmx.JmxAutoConfiguration': no URL paths identified
2025-07-04 09:21:51.573 DEBUG 21488 --- [main] o.s.w.s.h.BeanNameUrlHandlerMapping      : Rejected bean name 'mbeanExporter': no URL paths identified
2025-07-04 09:21:51.573 DEBUG 21488 --- [main] o.s.w.s.h.BeanNameUrlHandlerMapping      : Rejected bean name 'objectNamingStrategy': no URL paths identified
2025-07-04 09:21:51.573 DEBUG 21488 --- [main] o.s.w.s.h.BeanNameUrlHandlerMapping      : Rejected bean name 'mbeanServer': no URL paths identified
2025-07-04 09:21:51.573 DEBUG 21488 --- [main] o.s.w.s.h.BeanNameUrlHandlerMapping      : Rejected bean name 'org.springframework.boot.autoconfigure.aop.AopAutoConfiguration$JdkDynamicAutoProxyConfiguration': no URL paths identified
2025-07-04 09:21:51.573 DEBUG 21488 --- [main] o.s.w.s.h.BeanNameUrlHandlerMapping      : Rejected bean name 'org.springframework.boot.autoconfigure.aop.AopAutoConfiguration': no URL paths identified
2025-07-04 09:21:51.574 DEBUG 21488 --- [main] o.s.w.s.h.BeanNameUrlHandlerMapping      : Rejected bean name 'org.springframework.boot.autoconfigure.transaction.jta.JtaAutoConfiguration': no URL paths identified
2025-07-04 09:21:51.574 DEBUG 21488 --- [main] o.s.w.s.h.BeanNameUrlHandlerMapping      : Rejected bean name 'spring.jta-org.springframework.boot.autoconfigure.transaction.jta.JtaProperties': no URL paths identified
2025-07-04 09:21:51.574 DEBUG 21488 --- [main] o.s.w.s.h.BeanNameUrlHandlerMapping      : Rejected bean name 'org.springframework.boot.autoconfigure.jdbc.DataSourceConfiguration$Generic': no URL paths identified
2025-07-04 09:21:51.574 DEBUG 21488 --- [main] o.s.w.s.h.BeanNameUrlHandlerMapping      : Rejected bean name 'dataSource': no URL paths identified
2025-07-04 09:21:51.574 DEBUG 21488 --- [main] o.s.w.s.h.BeanNameUrlHandlerMapping      : Rejected bean name 'org.springframework.boot.autoconfigure.jdbc.DataSourceAutoConfiguration$PooledDataSourceConfiguration': no URL paths identified
2025-07-04 09:21:51.574 DEBUG 21488 --- [main] o.s.w.s.h.BeanNameUrlHandlerMapping      : Rejected bean name 'org.springframework.boot.autoconfigure.jdbc.metadata.DataSourcePoolMetadataProvidersConfiguration$TomcatDataSourcePoolMetadataProviderConfiguration': no URL paths identified
2025-07-04 09:21:51.574 DEBUG 21488 --- [main] o.s.w.s.h.BeanNameUrlHandlerMapping      : Rejected bean name 'tomcatPoolDataSourceMetadataProvider': no URL paths identified
2025-07-04 09:21:51.574 DEBUG 21488 --- [main] o.s.w.s.h.BeanNameUrlHandlerMapping      : Rejected bean name 'org.springframework.boot.autoconfigure.jdbc.metadata.DataSourcePoolMetadataProvidersConfiguration': no URL paths identified
2025-07-04 09:21:51.575 DEBUG 21488 --- [main] o.s.w.s.h.BeanNameUrlHandlerMapping      : Rejected bean name 'org.springframework.boot.autoconfigure.jdbc.DataSourceAutoConfiguration': no URL paths identified
2025-07-04 09:21:51.575 DEBUG 21488 --- [main] o.s.w.s.h.BeanNameUrlHandlerMapping      : Rejected bean name 'dataSourceInitializer': no URL paths identified
2025-07-04 09:21:51.575 DEBUG 21488 --- [main] o.s.w.s.h.BeanNameUrlHandlerMapping      : Rejected bean name 'spring.datasource-org.springframework.boot.autoconfigure.jdbc.DataSourceProperties': no URL paths identified
2025-07-04 09:21:51.575 DEBUG 21488 --- [main] o.s.w.s.h.BeanNameUrlHandlerMapping      : Rejected bean name 'dataSourceInitializerPostProcessor': no URL paths identified
2025-07-04 09:21:51.575 DEBUG 21488 --- [main] o.s.w.s.h.BeanNameUrlHandlerMapping      : Rejected bean name 'org.springframework.boot.autoconfigure.cache.EhCacheCacheConfiguration': no URL paths identified
2025-07-04 09:21:51.575 DEBUG 21488 --- [main] o.s.w.s.h.BeanNameUrlHandlerMapping      : Rejected bean name 'cacheManager': no URL paths identified
2025-07-04 09:21:51.575 DEBUG 21488 --- [main] o.s.w.s.h.BeanNameUrlHandlerMapping      : Rejected bean name 'ehCacheCacheManager': no URL paths identified
2025-07-04 09:21:51.575 DEBUG 21488 --- [main] o.s.w.s.h.BeanNameUrlHandlerMapping      : Rejected bean name 'org.springframework.boot.autoconfigure.cache.CacheAutoConfiguration': no URL paths identified
2025-07-04 09:21:51.575 DEBUG 21488 --- [main] o.s.w.s.h.BeanNameUrlHandlerMapping      : Rejected bean name 'cacheManagerCustomizers': no URL paths identified
2025-07-04 09:21:51.575 DEBUG 21488 --- [main] o.s.w.s.h.BeanNameUrlHandlerMapping      : Rejected bean name 'cacheAutoConfigurationValidatorPostProcessor': no URL paths identified
2025-07-04 09:21:51.575 DEBUG 21488 --- [main] o.s.w.s.h.BeanNameUrlHandlerMapping      : Rejected bean name 'cacheAutoConfigurationValidator': no URL paths identified
2025-07-04 09:21:51.575 DEBUG 21488 --- [main] o.s.w.s.h.BeanNameUrlHandlerMapping      : Rejected bean name 'spring.cache-org.springframework.boot.autoconfigure.cache.CacheProperties': no URL paths identified
2025-07-04 09:21:51.576 DEBUG 21488 --- [main] o.s.w.s.h.BeanNameUrlHandlerMapping      : Rejected bean name 'org.springframework.boot.autoconfigure.orm.jpa.JpaBaseConfiguration$JpaWebConfiguration$JpaWebMvcConfiguration': no URL paths identified
2025-07-04 09:21:51.576 DEBUG 21488 --- [main] o.s.w.s.h.BeanNameUrlHandlerMapping      : Rejected bean name 'openEntityManagerInViewInterceptor': no URL paths identified
2025-07-04 09:21:51.576 DEBUG 21488 --- [main] o.s.w.s.h.BeanNameUrlHandlerMapping      : Rejected bean name 'org.springframework.boot.autoconfigure.orm.jpa.JpaBaseConfiguration$JpaWebConfiguration': no URL paths identified
2025-07-04 09:21:51.576 DEBUG 21488 --- [main] o.s.w.s.h.BeanNameUrlHandlerMapping      : Rejected bean name 'org.springframework.boot.autoconfigure.orm.jpa.HibernateJpaAutoConfiguration': no URL paths identified
2025-07-04 09:21:51.576 DEBUG 21488 --- [main] o.s.w.s.h.BeanNameUrlHandlerMapping      : Rejected bean name 'transactionManager': no URL paths identified
2025-07-04 09:21:51.576 DEBUG 21488 --- [main] o.s.w.s.h.BeanNameUrlHandlerMapping      : Rejected bean name 'jpaVendorAdapter': no URL paths identified
2025-07-04 09:21:51.576 DEBUG 21488 --- [main] o.s.w.s.h.BeanNameUrlHandlerMapping      : Rejected bean name 'entityManagerFactoryBuilder': no URL paths identified
2025-07-04 09:21:51.576 DEBUG 21488 --- [main] o.s.w.s.h.BeanNameUrlHandlerMapping      : Rejected bean name 'entityManagerFactory': no URL paths identified
2025-07-04 09:21:51.577 DEBUG 21488 --- [main] o.s.w.s.h.BeanNameUrlHandlerMapping      : Rejected bean name 'spring.jpa-org.springframework.boot.autoconfigure.orm.jpa.JpaProperties': no URL paths identified
2025-07-04 09:21:51.577 DEBUG 21488 --- [main] o.s.w.s.h.BeanNameUrlHandlerMapping      : Rejected bean name 'dataSourceInitializedPublisher': no URL paths identified
2025-07-04 09:21:51.577 DEBUG 21488 --- [main] o.s.w.s.h.BeanNameUrlHandlerMapping      : Rejected bean name 'org.springframework.boot.autoconfigure.context.ConfigurationPropertiesAutoConfiguration': no URL paths identified
2025-07-04 09:21:51.577 DEBUG 21488 --- [main] o.s.w.s.h.BeanNameUrlHandlerMapping      : Rejected bean name 'org.springframework.boot.autoconfigure.dao.PersistenceExceptionTranslationAutoConfiguration': no URL paths identified
2025-07-04 09:21:51.577 DEBUG 21488 --- [main] o.s.w.s.h.BeanNameUrlHandlerMapping      : Rejected bean name 'persistenceExceptionTranslationPostProcessor': no URL paths identified
2025-07-04 09:21:51.577 DEBUG 21488 --- [main] o.s.w.s.h.BeanNameUrlHandlerMapping      : Rejected bean name 'org.springframework.boot.autoconfigure.data.jpa.JpaRepositoriesAutoConfiguration': no URL paths identified
2025-07-04 09:21:51.577 DEBUG 21488 --- [main] o.s.w.s.h.BeanNameUrlHandlerMapping      : Rejected bean name 'emBeanDefinitionRegistrarPostProcessor': no URL paths identified
2025-07-04 09:21:51.577 DEBUG 21488 --- [main] o.s.w.s.h.BeanNameUrlHandlerMapping      : Rejected bean name 'jpaMappingContext': no URL paths identified
2025-07-04 09:21:51.577 DEBUG 21488 --- [main] o.s.w.s.h.BeanNameUrlHandlerMapping      : Rejected bean name 'jpaContext': no URL paths identified
2025-07-04 09:21:51.577 DEBUG 21488 --- [main] o.s.w.s.h.BeanNameUrlHandlerMapping      : Rejected bean name 'adminUserDao': no URL paths identified
2025-07-04 09:21:51.577 DEBUG 21488 --- [main] o.s.w.s.h.BeanNameUrlHandlerMapping      : Rejected bean name 'chatMessageDao': no URL paths identified
2025-07-04 09:21:51.577 DEBUG 21488 --- [main] o.s.w.s.h.BeanNameUrlHandlerMapping      : Rejected bean name 'permissionDao': no URL paths identified
2025-07-04 09:21:51.578 DEBUG 21488 --- [main] o.s.w.s.h.BeanNameUrlHandlerMapping      : Rejected bean name 'userDao': no URL paths identified
2025-07-04 09:21:51.578 DEBUG 21488 --- [main] o.s.w.s.h.BeanNameUrlHandlerMapping      : Rejected bean name 'notificationDao': no URL paths identified
2025-07-04 09:21:51.578 DEBUG 21488 --- [main] o.s.w.s.h.BeanNameUrlHandlerMapping      : Rejected bean name 'collectDao': no URL paths identified
2025-07-04 09:21:51.579 DEBUG 21488 --- [main] o.s.w.s.h.BeanNameUrlHandlerMapping      : Rejected bean name 'favoritesDao': no URL paths identified
2025-07-04 09:21:51.579 DEBUG 21488 --- [main] o.s.w.s.h.BeanNameUrlHandlerMapping      : Rejected bean name 'replyDao': no URL paths identified
2025-07-04 09:21:51.579 DEBUG 21488 --- [main] o.s.w.s.h.BeanNameUrlHandlerMapping      : Rejected bean name 'labelDao': no URL paths identified
2025-07-04 09:21:51.579 DEBUG 21488 --- [main] o.s.w.s.h.BeanNameUrlHandlerMapping      : Rejected bean name 'roleDao': no URL paths identified
2025-07-04 09:21:51.579 DEBUG 21488 --- [main] o.s.w.s.h.BeanNameUrlHandlerMapping      : Rejected bean name 'postsDao': no URL paths identified
2025-07-04 09:21:51.579 DEBUG 21488 --- [main] o.s.w.s.h.BeanNameUrlHandlerMapping      : Rejected bean name 'org.springframework.boot.autoconfigure.web.HttpMessageConvertersAutoConfiguration$StringHttpMessageConverterConfiguration': no URL paths identified
2025-07-04 09:21:51.579 DEBUG 21488 --- [main] o.s.w.s.h.BeanNameUrlHandlerMapping      : Rejected bean name 'stringHttpMessageConverter': no URL paths identified
2025-07-04 09:21:51.579 DEBUG 21488 --- [main] o.s.w.s.h.BeanNameUrlHandlerMapping      : Rejected bean name 'spring.http.encoding-org.springframework.boot.autoconfigure.web.HttpEncodingProperties': no URL paths identified
2025-07-04 09:21:51.579 DEBUG 21488 --- [main] o.s.w.s.h.BeanNameUrlHandlerMapping      : Rejected bean name 'org.springframework.boot.autoconfigure.web.JacksonHttpMessageConvertersConfiguration$MappingJackson2HttpMessageConverterConfiguration': no URL paths identified
2025-07-04 09:21:51.579 DEBUG 21488 --- [main] o.s.w.s.h.BeanNameUrlHandlerMapping      : Rejected bean name 'mappingJackson2HttpMessageConverter': no URL paths identified
2025-07-04 09:21:51.580 DEBUG 21488 --- [main] o.s.w.s.h.BeanNameUrlHandlerMapping      : Rejected bean name 'org.springframework.boot.autoconfigure.web.JacksonHttpMessageConvertersConfiguration': no URL paths identified
2025-07-04 09:21:51.580 DEBUG 21488 --- [main] o.s.w.s.h.BeanNameUrlHandlerMapping      : Rejected bean name 'org.springframework.boot.autoconfigure.web.HttpMessageConvertersAutoConfiguration': no URL paths identified
2025-07-04 09:21:51.580 DEBUG 21488 --- [main] o.s.w.s.h.BeanNameUrlHandlerMapping      : Rejected bean name 'messageConverters': no URL paths identified
2025-07-04 09:21:51.580 DEBUG 21488 --- [main] o.s.w.s.h.BeanNameUrlHandlerMapping      : Rejected bean name 'org.springframework.data.web.config.SpringDataWebConfiguration': no URL paths identified
2025-07-04 09:21:51.580 DEBUG 21488 --- [main] o.s.w.s.h.BeanNameUrlHandlerMapping      : Rejected bean name 'pageableResolver': no URL paths identified
2025-07-04 09:21:51.580 DEBUG 21488 --- [main] o.s.w.s.h.BeanNameUrlHandlerMapping      : Rejected bean name 'sortResolver': no URL paths identified
2025-07-04 09:21:51.580 DEBUG 21488 --- [main] o.s.w.s.h.BeanNameUrlHandlerMapping      : Rejected bean name 'org.springframework.data.web.config.SpringDataJacksonConfiguration': no URL paths identified
2025-07-04 09:21:51.580 DEBUG 21488 --- [main] o.s.w.s.h.BeanNameUrlHandlerMapping      : Rejected bean name 'jacksonGeoModule': no URL paths identified
2025-07-04 09:21:51.580 DEBUG 21488 --- [main] o.s.w.s.h.BeanNameUrlHandlerMapping      : Rejected bean name 'org.springframework.boot.autoconfigure.data.web.SpringDataWebAutoConfiguration': no URL paths identified
2025-07-04 09:21:51.580 DEBUG 21488 --- [main] o.s.w.s.h.BeanNameUrlHandlerMapping      : Rejected bean name 'org.springframework.boot.autoconfigure.info.ProjectInfoAutoConfiguration': no URL paths identified
2025-07-04 09:21:51.580 DEBUG 21488 --- [main] o.s.w.s.h.BeanNameUrlHandlerMapping      : Rejected bean name 'spring.info-org.springframework.boot.autoconfigure.info.ProjectInfoProperties': no URL paths identified
2025-07-04 09:21:51.581 DEBUG 21488 --- [main] o.s.w.s.h.BeanNameUrlHandlerMapping      : Rejected bean name 'org.springframework.boot.autoconfigure.jdbc.DataSourceTransactionManagerAutoConfiguration$DataSourceTransactionManagerConfiguration': no URL paths identified
2025-07-04 09:21:51.581 DEBUG 21488 --- [main] o.s.w.s.h.BeanNameUrlHandlerMapping      : Rejected bean name 'org.springframework.boot.autoconfigure.jdbc.DataSourceTransactionManagerAutoConfiguration': no URL paths identified
2025-07-04 09:21:51.581 DEBUG 21488 --- [main] o.s.w.s.h.BeanNameUrlHandlerMapping      : Rejected bean name 'org.springframework.boot.autoconfigure.jdbc.JdbcTemplateAutoConfiguration': no URL paths identified
2025-07-04 09:21:51.581 DEBUG 21488 --- [main] o.s.w.s.h.BeanNameUrlHandlerMapping      : Rejected bean name 'jdbcTemplate': no URL paths identified
2025-07-04 09:21:51.581 DEBUG 21488 --- [main] o.s.w.s.h.BeanNameUrlHandlerMapping      : Rejected bean name 'namedParameterJdbcTemplate': no URL paths identified
2025-07-04 09:21:51.581 DEBUG 21488 --- [main] o.s.w.s.h.BeanNameUrlHandlerMapping      : Rejected bean name 'org.springframework.boot.autoconfigure.thymeleaf.ThymeleafAutoConfiguration$ThymeleafResourceHandlingConfig': no URL paths identified
2025-07-04 09:21:51.581 DEBUG 21488 --- [main] o.s.w.s.h.BeanNameUrlHandlerMapping      : Rejected bean name 'org.springframework.boot.autoconfigure.thymeleaf.ThymeleafAutoConfiguration$ThymeleafWebLayoutConfiguration': no URL paths identified
2025-07-04 09:21:51.582 DEBUG 21488 --- [main] o.s.w.s.h.BeanNameUrlHandlerMapping      : Rejected bean name 'layoutDialect': no URL paths identified
2025-07-04 09:21:51.582 DEBUG 21488 --- [main] o.s.w.s.h.BeanNameUrlHandlerMapping      : Rejected bean name 'org.springframework.boot.autoconfigure.thymeleaf.ThymeleafAutoConfiguration$ThymeleafDefaultConfiguration': no URL paths identified
2025-07-04 09:21:51.582 DEBUG 21488 --- [main] o.s.w.s.h.BeanNameUrlHandlerMapping      : Rejected bean name 'templateEngine': no URL paths identified
2025-07-04 09:21:51.582 DEBUG 21488 --- [main] o.s.w.s.h.BeanNameUrlHandlerMapping      : Rejected bean name 'org.springframework.boot.autoconfigure.thymeleaf.ThymeleafAutoConfiguration$Thymeleaf2Configuration$Thymeleaf2ViewResolverConfiguration': no URL paths identified
2025-07-04 09:21:51.582 DEBUG 21488 --- [main] o.s.w.s.h.BeanNameUrlHandlerMapping      : Rejected bean name 'thymeleafViewResolver': no URL paths identified
2025-07-04 09:21:51.582 DEBUG 21488 --- [main] o.s.w.s.h.BeanNameUrlHandlerMapping      : Rejected bean name 'org.springframework.boot.autoconfigure.thymeleaf.ThymeleafAutoConfiguration$Thymeleaf2Configuration$DefaultTemplateResolverConfiguration': no URL paths identified
2025-07-04 09:21:51.582 DEBUG 21488 --- [main] o.s.w.s.h.BeanNameUrlHandlerMapping      : Rejected bean name 'thymeleafResourceResolver': no URL paths identified
2025-07-04 09:21:51.582 DEBUG 21488 --- [main] o.s.w.s.h.BeanNameUrlHandlerMapping      : Rejected bean name 'defaultTemplateResolver': no URL paths identified
2025-07-04 09:21:51.582 DEBUG 21488 --- [main] o.s.w.s.h.BeanNameUrlHandlerMapping      : Rejected bean name 'org.springframework.boot.autoconfigure.thymeleaf.ThymeleafAutoConfiguration$Thymeleaf2Configuration': no URL paths identified
2025-07-04 09:21:51.582 DEBUG 21488 --- [main] o.s.w.s.h.BeanNameUrlHandlerMapping      : Rejected bean name 'org.springframework.boot.autoconfigure.thymeleaf.ThymeleafAutoConfiguration': no URL paths identified
2025-07-04 09:21:51.582 DEBUG 21488 --- [main] o.s.w.s.h.BeanNameUrlHandlerMapping      : Rejected bean name 'spring.thymeleaf-org.springframework.boot.autoconfigure.thymeleaf.ThymeleafProperties': no URL paths identified
2025-07-04 09:21:51.583 DEBUG 21488 --- [main] o.s.w.s.h.BeanNameUrlHandlerMapping      : Rejected bean name 'org.springframework.transaction.annotation.ProxyTransactionManagementConfiguration': no URL paths identified
2025-07-04 09:21:51.583 DEBUG 21488 --- [main] o.s.w.s.h.BeanNameUrlHandlerMapping      : Rejected bean name 'org.springframework.transaction.config.internalTransactionAdvisor': no URL paths identified
2025-07-04 09:21:51.583 DEBUG 21488 --- [main] o.s.w.s.h.BeanNameUrlHandlerMapping      : Rejected bean name 'transactionAttributeSource': no URL paths identified
2025-07-04 09:21:51.583 DEBUG 21488 --- [main] o.s.w.s.h.BeanNameUrlHandlerMapping      : Rejected bean name 'transactionInterceptor': no URL paths identified
2025-07-04 09:21:51.583 DEBUG 21488 --- [main] o.s.w.s.h.BeanNameUrlHandlerMapping      : Rejected bean name 'org.springframework.transaction.config.internalTransactionalEventListenerFactory': no URL paths identified
2025-07-04 09:21:51.583 DEBUG 21488 --- [main] o.s.w.s.h.BeanNameUrlHandlerMapping      : Rejected bean name 'org.springframework.boot.autoconfigure.transaction.TransactionAutoConfiguration$EnableTransactionManagementConfiguration$CglibAutoProxyConfiguration': no URL paths identified
2025-07-04 09:21:51.583 DEBUG 21488 --- [main] o.s.w.s.h.BeanNameUrlHandlerMapping      : Rejected bean name 'org.springframework.boot.autoconfigure.transaction.TransactionAutoConfiguration$EnableTransactionManagementConfiguration': no URL paths identified
2025-07-04 09:21:51.583 DEBUG 21488 --- [main] o.s.w.s.h.BeanNameUrlHandlerMapping      : Rejected bean name 'org.springframework.boot.autoconfigure.transaction.TransactionAutoConfiguration$TransactionTemplateConfiguration': no URL paths identified
2025-07-04 09:21:51.583 DEBUG 21488 --- [main] o.s.w.s.h.BeanNameUrlHandlerMapping      : Rejected bean name 'transactionTemplate': no URL paths identified
2025-07-04 09:21:51.583 DEBUG 21488 --- [main] o.s.w.s.h.BeanNameUrlHandlerMapping      : Rejected bean name 'org.springframework.boot.autoconfigure.transaction.TransactionAutoConfiguration': no URL paths identified
2025-07-04 09:21:51.583 DEBUG 21488 --- [main] o.s.w.s.h.BeanNameUrlHandlerMapping      : Rejected bean name 'platformTransactionManagerCustomizers': no URL paths identified
2025-07-04 09:21:51.584 DEBUG 21488 --- [main] o.s.w.s.h.BeanNameUrlHandlerMapping      : Rejected bean name 'spring.transaction-org.springframework.boot.autoconfigure.transaction.TransactionProperties': no URL paths identified
2025-07-04 09:21:51.584 DEBUG 21488 --- [main] o.s.w.s.h.BeanNameUrlHandlerMapping      : Rejected bean name 'org.springframework.boot.autoconfigure.web.HttpEncodingAutoConfiguration': no URL paths identified
2025-07-04 09:21:51.584 DEBUG 21488 --- [main] o.s.w.s.h.BeanNameUrlHandlerMapping      : Rejected bean name 'characterEncodingFilter': no URL paths identified
2025-07-04 09:21:51.584 DEBUG 21488 --- [main] o.s.w.s.h.BeanNameUrlHandlerMapping      : Rejected bean name 'localeCharsetMappingsCustomizer': no URL paths identified
2025-07-04 09:21:51.584 DEBUG 21488 --- [main] o.s.w.s.h.BeanNameUrlHandlerMapping      : Rejected bean name 'org.springframework.boot.autoconfigure.web.MultipartAutoConfiguration': no URL paths identified
2025-07-04 09:21:51.584 DEBUG 21488 --- [main] o.s.w.s.h.BeanNameUrlHandlerMapping      : Rejected bean name 'multipartConfigElement': no URL paths identified
2025-07-04 09:21:51.584 DEBUG 21488 --- [main] o.s.w.s.h.BeanNameUrlHandlerMapping      : Rejected bean name 'multipartResolver': no URL paths identified
2025-07-04 09:21:51.584 DEBUG 21488 --- [main] o.s.w.s.h.BeanNameUrlHandlerMapping      : Rejected bean name 'spring.http.multipart-org.springframework.boot.autoconfigure.web.MultipartProperties': no URL paths identified
2025-07-04 09:21:51.584 DEBUG 21488 --- [main] o.s.w.s.h.BeanNameUrlHandlerMapping      : Rejected bean name 'org.springframework.boot.autoconfigure.web.ServerPropertiesAutoConfiguration': no URL paths identified
2025-07-04 09:21:51.585 DEBUG 21488 --- [main] o.s.w.s.h.BeanNameUrlHandlerMapping      : Rejected bean name 'serverProperties': no URL paths identified
2025-07-04 09:21:51.585 DEBUG 21488 --- [main] o.s.w.s.h.BeanNameUrlHandlerMapping      : Rejected bean name 'duplicateServerPropertiesDetector': no URL paths identified
2025-07-04 09:21:51.585 DEBUG 21488 --- [main] o.s.w.s.h.BeanNameUrlHandlerMapping      : Rejected bean name 'org.springframework.boot.autoconfigure.web.WebClientAutoConfiguration$RestTemplateConfiguration': no URL paths identified
2025-07-04 09:21:51.585 DEBUG 21488 --- [main] o.s.w.s.h.BeanNameUrlHandlerMapping      : Rejected bean name 'restTemplateBuilder': no URL paths identified
2025-07-04 09:21:51.585 DEBUG 21488 --- [main] o.s.w.s.h.BeanNameUrlHandlerMapping      : Rejected bean name 'org.springframework.boot.autoconfigure.web.WebClientAutoConfiguration': no URL paths identified
2025-07-04 09:21:51.585 DEBUG 21488 --- [main] o.s.w.s.h.BeanNameUrlHandlerMapping      : Rejected bean name 'org.springframework.orm.jpa.SharedEntityManagerCreator#0': no URL paths identified
2025-07-04 09:21:51.585 DEBUG 21488 --- [main] o.s.w.s.h.BeanNameUrlHandlerMapping      : Rejected bean name 'autoConfigurationReport': no URL paths identified
2025-07-04 09:21:51.585 DEBUG 21488 --- [main] o.s.w.s.h.BeanNameUrlHandlerMapping      : Rejected bean name 'springApplicationArguments': no URL paths identified
2025-07-04 09:21:51.586 DEBUG 21488 --- [main] o.s.w.s.h.BeanNameUrlHandlerMapping      : Rejected bean name 'springBootBanner': no URL paths identified
2025-07-04 09:21:51.586 DEBUG 21488 --- [main] o.s.w.s.h.BeanNameUrlHandlerMapping      : Rejected bean name 'springBootLoggingSystem': no URL paths identified
2025-07-04 09:21:51.586 DEBUG 21488 --- [main] o.s.w.s.h.BeanNameUrlHandlerMapping      : Rejected bean name 'environment': no URL paths identified
2025-07-04 09:21:51.586 DEBUG 21488 --- [main] o.s.w.s.h.BeanNameUrlHandlerMapping      : Rejected bean name 'systemProperties': no URL paths identified
2025-07-04 09:21:51.586 DEBUG 21488 --- [main] o.s.w.s.h.BeanNameUrlHandlerMapping      : Rejected bean name 'systemEnvironment': no URL paths identified
2025-07-04 09:21:51.586 DEBUG 21488 --- [main] o.s.w.s.h.BeanNameUrlHandlerMapping      : Rejected bean name 'org.springframework.context.annotation.ConfigurationClassPostProcessor.importRegistry': no URL paths identified
2025-07-04 09:21:51.586 DEBUG 21488 --- [main] o.s.w.s.h.BeanNameUrlHandlerMapping      : Rejected bean name 'messageSource': no URL paths identified
2025-07-04 09:21:51.586 DEBUG 21488 --- [main] o.s.w.s.h.BeanNameUrlHandlerMapping      : Rejected bean name 'applicationEventMulticaster': no URL paths identified
2025-07-04 09:21:51.586 DEBUG 21488 --- [main] o.s.w.s.h.BeanNameUrlHandlerMapping      : Rejected bean name 'servletContext': no URL paths identified
2025-07-04 09:21:51.586 DEBUG 21488 --- [main] o.s.w.s.h.BeanNameUrlHandlerMapping      : Rejected bean name 'contextParameters': no URL paths identified
2025-07-04 09:21:51.586 DEBUG 21488 --- [main] o.s.w.s.h.BeanNameUrlHandlerMapping      : Rejected bean name 'contextAttributes': no URL paths identified
2025-07-04 09:21:51.603  INFO 21488 --- [main] o.s.w.s.handler.SimpleUrlHandlerMapping  : Mapped URL path [/webjars/**] onto handler of type [class org.springframework.web.servlet.resource.ResourceHttpRequestHandler]
2025-07-04 09:21:51.603  INFO 21488 --- [main] o.s.w.s.handler.SimpleUrlHandlerMapping  : Mapped URL path [/**] onto handler of type [class org.springframework.web.servlet.resource.ResourceHttpRequestHandler]
2025-07-04 09:21:51.622 DEBUG 21488 --- [main] .m.m.a.ExceptionHandlerExceptionResolver : Looking for exception mappings: org.springframework.boot.context.embedded.AnnotationConfigEmbeddedWebApplicationContext@1ec9bd38: startup date [Fri Jul 04 09:21:22 CST 2025]; root of context hierarchy
2025-07-04 09:21:52.126  INFO 21488 --- [main] o.s.j.e.a.AnnotationMBeanExporter        : Registering beans for JMX exposure on startup
2025-07-04 09:21:52.127  INFO 21488 --- [main] o.s.j.e.a.AnnotationMBeanExporter        : Bean with name 'dataSource' has been autodetected for JMX exposure
2025-07-04 09:21:52.130  INFO 21488 --- [main] o.s.j.e.a.AnnotationMBeanExporter        : Located MBean 'dataSource': registering with JMX server as MBean [com.alibaba.druid.pool:name=dataSource,type=DruidDataSource]
2025-07-04 09:21:52.135 DEBUG 21488 --- [main] o.s.w.s.resource.ResourceUrlProvider     : Looking for resource handler mappings
2025-07-04 09:21:52.136 DEBUG 21488 --- [main] o.s.w.s.resource.ResourceUrlProvider     : Found resource handler mapping: URL pattern="/webjars/**", locations=[class path resource [META-INF/resources/webjars/]], resolvers=[org.springframework.web.servlet.resource.PathResourceResolver@4b8c9729]
2025-07-04 09:21:52.136 DEBUG 21488 --- [main] o.s.w.s.resource.ResourceUrlProvider     : Found resource handler mapping: URL pattern="/**", locations=[ServletContext resource [/], class path resource [META-INF/resources/], class path resource [resources/], class path resource [static/], class path resource [public/]], resolvers=[org.springframework.web.servlet.resource.PathResourceResolver@1ae26c59]
2025-07-04 09:21:52.201  INFO 21488 --- [main] s.b.c.e.t.TomcatEmbeddedServletContainer : Tomcat started on port(s): 8080 (http)
2025-07-04 09:21:52.202 DEBUG 21488 --- [main] o.s.w.c.s.StandardServletEnvironment     : Adding [server.ports] PropertySource with highest search precedence
2025-07-04 09:21:52.204  INFO 21488 --- [main] com.quark.admin.AdminApplication         : Started AdminApplication in 29.991 seconds (JVM running for 30.361)
